[INFO] Host      : g-04-01
[INFO] SLURM JOB : 70086
[INFO] GPU       : MIG-bfea0d0c-58a4-54a3-9b1a-3ffa6b79f3dc
Sun Nov  2 00:57:53 2025       
+-----------------------------------------------------------------------------------------+
| NVIDIA-SMI 550.163.01             Driver Version: 550.163.01     CUDA Version: 12.4     |
|-----------------------------------------+------------------------+----------------------+
| GPU  Name                 Persistence-M | Bus-Id          Disp.A | Volatile Uncorr. ECC |
| Fan  Temp   Perf          Pwr:Usage/Cap |           Memory-Usage | GPU-Util  Compute M. |
|                                         |                        |               MIG M. |
|=========================================+========================+======================|
|   0  NVIDIA A30                     On  |   00000000:E1:00.0 Off |                  Off |
| N/A   35C    P0             68W /  165W |      51MiB /  24576MiB |     N/A      Default |
|                                         |                        |              Enabled |
+-----------------------------------------+------------------------+----------------------+

+-----------------------------------------------------------------------------------------+
| MIG devices:                                                                            |
+------------------+----------------------------------+-----------+-----------------------+
| GPU  GI  CI  MIG |                     Memory-Usage |        Vol|      Shared           |
|      ID  ID  Dev |                       BAR1-Usage | SM     Unc| CE ENC DEC OFA JPG    |
|                  |                                  |        ECC|                       |
|==================+==================================+===========+=======================|
|  0    3   0   0  |              13MiB /  5952MiB    | 14    N/A |  1   0    1    0    0 |
|                  |                 0MiB /  8191MiB  |           |                       |
+------------------+----------------------------------+-----------+-----------------------+
                                                                                         
+-----------------------------------------------------------------------------------------+
| Processes:                                                                              |
|  GPU   GI   CI        PID   Type   Process name                              GPU Memory |
|        ID   ID                                                               Usage      |
|=========================================================================================|
|  No running processes found                                                             |
+-----------------------------------------------------------------------------------------+
+ /work/lxr240011/conda_envs/WiMANS/bin/python -u main_causal_nostat.py

========== CAUSAL SWEEP START: causal_epochs1500_rollsnone ==========


================= CAUSAL ENV: corridor =================

=== CAUSAL CORRIDOR | mode=RSS | model=GCN | epochs=1500 | eval_every=200 | rolls=none | out=results/artifacts_causal_corridor_rss_gcn_causal_epochs1500_rollsnone ===
[corridor] Using T_expected=60 scans/RP
[corridor] Using AP indices from coords: [2, 3, 4, 5]

[ptflops] Input shape (T,N,F): [60, 4, 5]
[ptflops] Params: 17,781
[ptflops] MACs  : 3.51M
[ptflops] FLOPs : 7.03M  (≈ 2 × MACs)

[ptflops] Saved: results/artifacts_causal_corridor_rss_gcn_causal_epochs1500_rollsnone/model_complexity_ptflops.txt
[EVAL] CAUSAL corridor | rss | gcn | epoch=0200 | RF-RMSE=3.574 m
[EVAL] CAUSAL corridor | rss | gcn | epoch=0400 | RF-RMSE=3.320 m
[EVAL] CAUSAL corridor | rss | gcn | epoch=0600 | RF-RMSE=2.711 m
[EVAL] CAUSAL corridor | rss | gcn | epoch=0800 | RF-RMSE=2.541 m
[EVAL] CAUSAL corridor | rss | gcn | epoch=1000 | RF-RMSE=2.935 m
[EVAL] CAUSAL corridor | rss | gcn | epoch=1200 | RF-RMSE=2.849 m
[EVAL] CAUSAL corridor | rss | gcn | epoch=1400 | RF-RMSE=2.489 m
[EVAL] CAUSAL corridor | rss | gcn | epoch=1500 | RF-RMSE=2.559 m

=== CAUSAL CORRIDOR | mode=RTT | model=GCN | epochs=1500 | eval_every=200 | rolls=none | out=results/artifacts_causal_corridor_rtt_gcn_causal_epochs1500_rollsnone ===
[corridor] Using T_expected=60 scans/RP
[corridor] Using AP indices from coords: [2, 3, 4, 5]

[ptflops] Input shape (T,N,F): [60, 4, 5]
[ptflops] Params: 17,781
[ptflops] MACs  : 3.51M
[ptflops] FLOPs : 7.03M  (≈ 2 × MACs)

[ptflops] Saved: results/artifacts_causal_corridor_rtt_gcn_causal_epochs1500_rollsnone/model_complexity_ptflops.txt
[EVAL] CAUSAL corridor | rtt | gcn | epoch=0200 | RF-RMSE=1.007 m
[EVAL] CAUSAL corridor | rtt | gcn | epoch=0400 | RF-RMSE=0.817 m
[EVAL] CAUSAL corridor | rtt | gcn | epoch=0600 | RF-RMSE=0.670 m
[EVAL] CAUSAL corridor | rtt | gcn | epoch=0800 | RF-RMSE=0.706 m
[EVAL] CAUSAL corridor | rtt | gcn | epoch=1000 | RF-RMSE=0.697 m
[EVAL] CAUSAL corridor | rtt | gcn | epoch=1200 | RF-RMSE=0.682 m
[EVAL] CAUSAL corridor | rtt | gcn | epoch=1400 | RF-RMSE=0.723 m
[EVAL] CAUSAL corridor | rtt | gcn | epoch=1500 | RF-RMSE=0.760 m

=== CAUSAL CORRIDOR | mode=BOTH | model=GCN | epochs=1500 | eval_every=200 | rolls=none | out=results/artifacts_causal_corridor_both_gcn_causal_epochs1500_rollsnone ===
[corridor] Using T_expected=60 scans/RP
[corridor] Using AP indices from coords: [2, 3, 4, 5]

[ptflops] Input shape (T,N,F): [60, 4, 8]
[ptflops] Params: 18,069
[ptflops] MACs  : 3.58M
[ptflops] FLOPs : 7.17M  (≈ 2 × MACs)

[ptflops] Saved: results/artifacts_causal_corridor_both_gcn_causal_epochs1500_rollsnone/model_complexity_ptflops.txt
[EVAL] CAUSAL corridor | both | gcn | epoch=0200 | RF-RMSE=1.981 m
[EVAL] CAUSAL corridor | both | gcn | epoch=0400 | RF-RMSE=1.638 m
[EVAL] CAUSAL corridor | both | gcn | epoch=0600 | RF-RMSE=1.406 m
[EVAL] CAUSAL corridor | both | gcn | epoch=0800 | RF-RMSE=1.163 m
[EVAL] CAUSAL corridor | both | gcn | epoch=1000 | RF-RMSE=1.071 m
[EVAL] CAUSAL corridor | both | gcn | epoch=1200 | RF-RMSE=1.091 m
[EVAL] CAUSAL corridor | both | gcn | epoch=1400 | RF-RMSE=1.074 m
[EVAL] CAUSAL corridor | both | gcn | epoch=1500 | RF-RMSE=1.003 m

=== CAUSAL CORRIDOR | mode=RSS | model=TCN | epochs=1500 | eval_every=200 | rolls=none | out=results/artifacts_causal_corridor_rss_tcn_causal_epochs1500_rollsnone ===
[corridor] Using T_expected=60 scans/RP
[corridor] Using AP indices from coords: [2, 3, 4, 5]
/work/lxr240011/conda_envs/WiMANS/lib/python3.10/site-packages/torch/nn/utils/weight_norm.py:28: UserWarning: torch.nn.utils.weight_norm is deprecated in favor of torch.nn.utils.parametrizations.weight_norm.
  warnings.warn("torch.nn.utils.weight_norm is deprecated in favor of torch.nn.utils.parametrizations.weight_norm.")

[ptflops] Input shape (T,N,F): [60, 4, 5]
[ptflops] Params: 79,413
[ptflops] MACs  : 5.44M
[ptflops] FLOPs : 10.89M  (≈ 2 × MACs)

[ptflops] Saved: results/artifacts_causal_corridor_rss_tcn_causal_epochs1500_rollsnone/model_complexity_ptflops.txt
[EVAL] CAUSAL corridor | rss | tcn | epoch=0200 | RF-RMSE=4.206 m
[EVAL] CAUSAL corridor | rss | tcn | epoch=0400 | RF-RMSE=2.463 m
[EVAL] CAUSAL corridor | rss | tcn | epoch=0600 | RF-RMSE=2.211 m
[EVAL] CAUSAL corridor | rss | tcn | epoch=0800 | RF-RMSE=1.882 m
[EVAL] CAUSAL corridor | rss | tcn | epoch=1000 | RF-RMSE=1.900 m
[EVAL] CAUSAL corridor | rss | tcn | epoch=1200 | RF-RMSE=1.957 m
[EVAL] CAUSAL corridor | rss | tcn | epoch=1400 | RF-RMSE=1.870 m
[EVAL] CAUSAL corridor | rss | tcn | epoch=1500 | RF-RMSE=1.731 m

=== CAUSAL CORRIDOR | mode=RTT | model=TCN | epochs=1500 | eval_every=200 | rolls=none | out=results/artifacts_causal_corridor_rtt_tcn_causal_epochs1500_rollsnone ===
[corridor] Using T_expected=60 scans/RP
[corridor] Using AP indices from coords: [2, 3, 4, 5]
/work/lxr240011/conda_envs/WiMANS/lib/python3.10/site-packages/torch/nn/utils/weight_norm.py:28: UserWarning: torch.nn.utils.weight_norm is deprecated in favor of torch.nn.utils.parametrizations.weight_norm.
  warnings.warn("torch.nn.utils.weight_norm is deprecated in favor of torch.nn.utils.parametrizations.weight_norm.")

[ptflops] Input shape (T,N,F): [60, 4, 5]
[ptflops] Params: 79,413
[ptflops] MACs  : 5.44M
[ptflops] FLOPs : 10.89M  (≈ 2 × MACs)

[ptflops] Saved: results/artifacts_causal_corridor_rtt_tcn_causal_epochs1500_rollsnone/model_complexity_ptflops.txt
[EVAL] CAUSAL corridor | rtt | tcn | epoch=0200 | RF-RMSE=1.065 m
[EVAL] CAUSAL corridor | rtt | tcn | epoch=0400 | RF-RMSE=0.849 m
[EVAL] CAUSAL corridor | rtt | tcn | epoch=0600 | RF-RMSE=0.870 m
[EVAL] CAUSAL corridor | rtt | tcn | epoch=0800 | RF-RMSE=0.817 m
[EVAL] CAUSAL corridor | rtt | tcn | epoch=1000 | RF-RMSE=0.794 m
[EVAL] CAUSAL corridor | rtt | tcn | epoch=1200 | RF-RMSE=0.805 m
[EVAL] CAUSAL corridor | rtt | tcn | epoch=1400 | RF-RMSE=0.785 m
[EVAL] CAUSAL corridor | rtt | tcn | epoch=1500 | RF-RMSE=0.795 m

=== CAUSAL CORRIDOR | mode=BOTH | model=TCN | epochs=1500 | eval_every=200 | rolls=none | out=results/artifacts_causal_corridor_both_tcn_causal_epochs1500_rollsnone ===
[corridor] Using T_expected=60 scans/RP
[corridor] Using AP indices from coords: [2, 3, 4, 5]
/work/lxr240011/conda_envs/WiMANS/lib/python3.10/site-packages/torch/nn/utils/weight_norm.py:28: UserWarning: torch.nn.utils.weight_norm is deprecated in favor of torch.nn.utils.parametrizations.weight_norm.
  warnings.warn("torch.nn.utils.weight_norm is deprecated in favor of torch.nn.utils.parametrizations.weight_norm.")

[ptflops] Input shape (T,N,F): [60, 4, 8]
[ptflops] Params: 79,701
[ptflops] MACs  : 5.51M
[ptflops] FLOPs : 11.03M  (≈ 2 × MACs)

[ptflops] Saved: results/artifacts_causal_corridor_both_tcn_causal_epochs1500_rollsnone/model_complexity_ptflops.txt
[EVAL] CAUSAL corridor | both | tcn | epoch=0200 | RF-RMSE=3.386 m
[EVAL] CAUSAL corridor | both | tcn | epoch=0400 | RF-RMSE=2.741 m
[EVAL] CAUSAL corridor | both | tcn | epoch=0600 | RF-RMSE=1.618 m
[EVAL] CAUSAL corridor | both | tcn | epoch=0800 | RF-RMSE=0.990 m
[EVAL] CAUSAL corridor | both | tcn | epoch=1000 | RF-RMSE=0.861 m
[EVAL] CAUSAL corridor | both | tcn | epoch=1200 | RF-RMSE=1.276 m
[EVAL] CAUSAL corridor | both | tcn | epoch=1400 | RF-RMSE=0.908 m
[EVAL] CAUSAL corridor | both | tcn | epoch=1500 | RF-RMSE=0.978 m

=== CAUSAL CORRIDOR | mode=RSS | model=BOTH | epochs=1500 | eval_every=200 | rolls=none | out=results/artifacts_causal_corridor_rss_both_causal_epochs1500_rollsnone ===
[corridor] Using T_expected=60 scans/RP
[corridor] Using AP indices from coords: [2, 3, 4, 5]
/work/lxr240011/conda_envs/WiMANS/lib/python3.10/site-packages/torch/nn/utils/weight_norm.py:28: UserWarning: torch.nn.utils.weight_norm is deprecated in favor of torch.nn.utils.parametrizations.weight_norm.
  warnings.warn("torch.nn.utils.weight_norm is deprecated in favor of torch.nn.utils.parametrizations.weight_norm.")

[ptflops] Input shape (T,N,F): [60, 4, 5]
[ptflops] Params: 88,501
[ptflops] MACs  : 7.62M
[ptflops] FLOPs : 15.25M  (≈ 2 × MACs)

[ptflops] Saved: results/artifacts_causal_corridor_rss_both_causal_epochs1500_rollsnone/model_complexity_ptflops.txt
[EVAL] CAUSAL corridor | rss | both | epoch=0200 | RF-RMSE=5.203 m
[EVAL] CAUSAL corridor | rss | both | epoch=0400 | RF-RMSE=5.545 m
[EVAL] CAUSAL corridor | rss | both | epoch=0600 | RF-RMSE=3.871 m
[EVAL] CAUSAL corridor | rss | both | epoch=0800 | RF-RMSE=2.743 m
[EVAL] CAUSAL corridor | rss | both | epoch=1000 | RF-RMSE=1.913 m
[EVAL] CAUSAL corridor | rss | both | epoch=1200 | RF-RMSE=1.666 m
[EVAL] CAUSAL corridor | rss | both | epoch=1400 | RF-RMSE=1.745 m
[EVAL] CAUSAL corridor | rss | both | epoch=1500 | RF-RMSE=1.530 m

=== CAUSAL CORRIDOR | mode=RTT | model=BOTH | epochs=1500 | eval_every=200 | rolls=none | out=results/artifacts_causal_corridor_rtt_both_causal_epochs1500_rollsnone ===
[corridor] Using T_expected=60 scans/RP
[corridor] Using AP indices from coords: [2, 3, 4, 5]
/work/lxr240011/conda_envs/WiMANS/lib/python3.10/site-packages/torch/nn/utils/weight_norm.py:28: UserWarning: torch.nn.utils.weight_norm is deprecated in favor of torch.nn.utils.parametrizations.weight_norm.
  warnings.warn("torch.nn.utils.weight_norm is deprecated in favor of torch.nn.utils.parametrizations.weight_norm.")

[ptflops] Input shape (T,N,F): [60, 4, 5]
[ptflops] Params: 88,501
[ptflops] MACs  : 7.62M
[ptflops] FLOPs : 15.25M  (≈ 2 × MACs)

[ptflops] Saved: results/artifacts_causal_corridor_rtt_both_causal_epochs1500_rollsnone/model_complexity_ptflops.txt
[EVAL] CAUSAL corridor | rtt | both | epoch=0200 | RF-RMSE=0.701 m
[EVAL] CAUSAL corridor | rtt | both | epoch=0400 | RF-RMSE=0.704 m
[EVAL] CAUSAL corridor | rtt | both | epoch=0600 | RF-RMSE=0.589 m
[EVAL] CAUSAL corridor | rtt | both | epoch=0800 | RF-RMSE=0.594 m
[EVAL] CAUSAL corridor | rtt | both | epoch=1000 | RF-RMSE=0.593 m
[EVAL] CAUSAL corridor | rtt | both | epoch=1200 | RF-RMSE=0.595 m
[EVAL] CAUSAL corridor | rtt | both | epoch=1400 | RF-RMSE=0.573 m
[EVAL] CAUSAL corridor | rtt | both | epoch=1500 | RF-RMSE=0.669 m

=== CAUSAL CORRIDOR | mode=BOTH | model=BOTH | epochs=1500 | eval_every=200 | rolls=none | out=results/artifacts_causal_corridor_both_both_causal_epochs1500_rollsnone ===
[corridor] Using T_expected=60 scans/RP
[corridor] Using AP indices from coords: [2, 3, 4, 5]
/work/lxr240011/conda_envs/WiMANS/lib/python3.10/site-packages/torch/nn/utils/weight_norm.py:28: UserWarning: torch.nn.utils.weight_norm is deprecated in favor of torch.nn.utils.parametrizations.weight_norm.
  warnings.warn("torch.nn.utils.weight_norm is deprecated in favor of torch.nn.utils.parametrizations.weight_norm.")

[ptflops] Input shape (T,N,F): [60, 4, 8]
[ptflops] Params: 88,981
[ptflops] MACs  : 7.74M
[ptflops] FLOPs : 15.48M  (≈ 2 × MACs)

[ptflops] Saved: results/artifacts_causal_corridor_both_both_causal_epochs1500_rollsnone/model_complexity_ptflops.txt
[EVAL] CAUSAL corridor | both | both | epoch=0200 | RF-RMSE=2.922 m
[EVAL] CAUSAL corridor | both | both | epoch=0400 | RF-RMSE=1.164 m
[EVAL] CAUSAL corridor | both | both | epoch=0600 | RF-RMSE=0.855 m
[EVAL] CAUSAL corridor | both | both | epoch=0800 | RF-RMSE=0.813 m
[EVAL] CAUSAL corridor | both | both | epoch=1000 | RF-RMSE=0.920 m
[EVAL] CAUSAL corridor | both | both | epoch=1200 | RF-RMSE=0.996 m
[EVAL] CAUSAL corridor | both | both | epoch=1400 | RF-RMSE=0.995 m
[EVAL] CAUSAL corridor | both | both | epoch=1500 | RF-RMSE=0.824 m

================= CAUSAL ENV: office =================

=== CAUSAL OFFICE | mode=RSS | model=GCN | epochs=1500 | eval_every=200 | rolls=none | out=results/artifacts_causal_office_rss_gcn_causal_epochs1500_rollsnone ===
[office] Using T_expected=60 scans/RP
[office] Using AP indices from coords: [1, 2, 3, 4, 5]

[ptflops] Input shape (T,N,F): [60, 5, 5]
[ptflops] Params: 17,790
[ptflops] MACs  : 4.33M
[ptflops] FLOPs : 8.65M  (≈ 2 × MACs)

[ptflops] Saved: results/artifacts_causal_office_rss_gcn_causal_epochs1500_rollsnone/model_complexity_ptflops.txt
[EVAL] CAUSAL office | rss | gcn | epoch=0200 | RF-RMSE=1.599 m
[EVAL] CAUSAL office | rss | gcn | epoch=0400 | RF-RMSE=1.496 m
[EVAL] CAUSAL office | rss | gcn | epoch=0600 | RF-RMSE=1.472 m
[EVAL] CAUSAL office | rss | gcn | epoch=0800 | RF-RMSE=1.520 m
[EVAL] CAUSAL office | rss | gcn | epoch=1000 | RF-RMSE=1.367 m
[EVAL] CAUSAL office | rss | gcn | epoch=1200 | RF-RMSE=1.348 m
[EVAL] CAUSAL office | rss | gcn | epoch=1400 | RF-RMSE=1.533 m
[EVAL] CAUSAL office | rss | gcn | epoch=1500 | RF-RMSE=1.298 m

=== CAUSAL OFFICE | mode=RTT | model=GCN | epochs=1500 | eval_every=200 | rolls=none | out=results/artifacts_causal_office_rtt_gcn_causal_epochs1500_rollsnone ===
[office] Using T_expected=60 scans/RP
[office] Using AP indices from coords: [1, 2, 3, 4, 5]

[ptflops] Input shape (T,N,F): [60, 5, 5]
[ptflops] Params: 17,790
[ptflops] MACs  : 4.33M
[ptflops] FLOPs : 8.65M  (≈ 2 × MACs)

[ptflops] Saved: results/artifacts_causal_office_rtt_gcn_causal_epochs1500_rollsnone/model_complexity_ptflops.txt
[EVAL] CAUSAL office | rtt | gcn | epoch=0200 | RF-RMSE=0.759 m
[EVAL] CAUSAL office | rtt | gcn | epoch=0400 | RF-RMSE=0.701 m
[EVAL] CAUSAL office | rtt | gcn | epoch=0600 | RF-RMSE=0.709 m
[EVAL] CAUSAL office | rtt | gcn | epoch=0800 | RF-RMSE=0.645 m
[EVAL] CAUSAL office | rtt | gcn | epoch=1000 | RF-RMSE=0.635 m
[EVAL] CAUSAL office | rtt | gcn | epoch=1200 | RF-RMSE=0.619 m
[EVAL] CAUSAL office | rtt | gcn | epoch=1400 | RF-RMSE=0.640 m
[EVAL] CAUSAL office | rtt | gcn | epoch=1500 | RF-RMSE=0.664 m

=== CAUSAL OFFICE | mode=BOTH | model=GCN | epochs=1500 | eval_every=200 | rolls=none | out=results/artifacts_causal_office_both_gcn_causal_epochs1500_rollsnone ===
[office] Using T_expected=60 scans/RP
[office] Using AP indices from coords: [1, 2, 3, 4, 5]

[ptflops] Input shape (T,N,F): [60, 5, 8]
[ptflops] Params: 18,078
[ptflops] MACs  : 4.41M
[ptflops] FLOPs : 8.83M  (≈ 2 × MACs)

[ptflops] Saved: results/artifacts_causal_office_both_gcn_causal_epochs1500_rollsnone/model_complexity_ptflops.txt
[EVAL] CAUSAL office | both | gcn | epoch=0200 | RF-RMSE=1.810 m
[EVAL] CAUSAL office | both | gcn | epoch=0400 | RF-RMSE=1.161 m
[EVAL] CAUSAL office | both | gcn | epoch=0600 | RF-RMSE=1.064 m
[EVAL] CAUSAL office | both | gcn | epoch=0800 | RF-RMSE=1.077 m
[EVAL] CAUSAL office | both | gcn | epoch=1000 | RF-RMSE=0.902 m
[EVAL] CAUSAL office | both | gcn | epoch=1200 | RF-RMSE=0.866 m
[EVAL] CAUSAL office | both | gcn | epoch=1400 | RF-RMSE=0.836 m
[EVAL] CAUSAL office | both | gcn | epoch=1500 | RF-RMSE=0.893 m

=== CAUSAL OFFICE | mode=RSS | model=TCN | epochs=1500 | eval_every=200 | rolls=none | out=results/artifacts_causal_office_rss_tcn_causal_epochs1500_rollsnone ===
[office] Using T_expected=60 scans/RP
[office] Using AP indices from coords: [1, 2, 3, 4, 5]
/work/lxr240011/conda_envs/WiMANS/lib/python3.10/site-packages/torch/nn/utils/weight_norm.py:28: UserWarning: torch.nn.utils.weight_norm is deprecated in favor of torch.nn.utils.parametrizations.weight_norm.
  warnings.warn("torch.nn.utils.weight_norm is deprecated in favor of torch.nn.utils.parametrizations.weight_norm.")

[ptflops] Input shape (T,N,F): [60, 5, 5]
[ptflops] Params: 79,422
[ptflops] MACs  : 5.48M
[ptflops] FLOPs : 10.97M  (≈ 2 × MACs)

[ptflops] Saved: results/artifacts_causal_office_rss_tcn_causal_epochs1500_rollsnone/model_complexity_ptflops.txt
[EVAL] CAUSAL office | rss | tcn | epoch=0200 | RF-RMSE=1.907 m
[EVAL] CAUSAL office | rss | tcn | epoch=0400 | RF-RMSE=1.364 m
[EVAL] CAUSAL office | rss | tcn | epoch=0600 | RF-RMSE=1.274 m
[EVAL] CAUSAL office | rss | tcn | epoch=0800 | RF-RMSE=1.353 m
[EVAL] CAUSAL office | rss | tcn | epoch=1000 | RF-RMSE=1.222 m
[EVAL] CAUSAL office | rss | tcn | epoch=1200 | RF-RMSE=1.381 m
[EVAL] CAUSAL office | rss | tcn | epoch=1400 | RF-RMSE=1.179 m
[EVAL] CAUSAL office | rss | tcn | epoch=1500 | RF-RMSE=1.215 m

=== CAUSAL OFFICE | mode=RTT | model=TCN | epochs=1500 | eval_every=200 | rolls=none | out=results/artifacts_causal_office_rtt_tcn_causal_epochs1500_rollsnone ===
[office] Using T_expected=60 scans/RP
[office] Using AP indices from coords: [1, 2, 3, 4, 5]
/work/lxr240011/conda_envs/WiMANS/lib/python3.10/site-packages/torch/nn/utils/weight_norm.py:28: UserWarning: torch.nn.utils.weight_norm is deprecated in favor of torch.nn.utils.parametrizations.weight_norm.
  warnings.warn("torch.nn.utils.weight_norm is deprecated in favor of torch.nn.utils.parametrizations.weight_norm.")

[ptflops] Input shape (T,N,F): [60, 5, 5]
[ptflops] Params: 79,422
[ptflops] MACs  : 5.48M
[ptflops] FLOPs : 10.97M  (≈ 2 × MACs)

[ptflops] Saved: results/artifacts_causal_office_rtt_tcn_causal_epochs1500_rollsnone/model_complexity_ptflops.txt
[EVAL] CAUSAL office | rtt | tcn | epoch=0200 | RF-RMSE=0.678 m
[EVAL] CAUSAL office | rtt | tcn | epoch=0400 | RF-RMSE=0.609 m
[EVAL] CAUSAL office | rtt | tcn | epoch=0600 | RF-RMSE=0.653 m
[EVAL] CAUSAL office | rtt | tcn | epoch=0800 | RF-RMSE=0.662 m
[EVAL] CAUSAL office | rtt | tcn | epoch=1000 | RF-RMSE=0.668 m
[EVAL] CAUSAL office | rtt | tcn | epoch=1200 | RF-RMSE=0.640 m
[EVAL] CAUSAL office | rtt | tcn | epoch=1400 | RF-RMSE=0.639 m
[EVAL] CAUSAL office | rtt | tcn | epoch=1500 | RF-RMSE=0.647 m

=== CAUSAL OFFICE | mode=BOTH | model=TCN | epochs=1500 | eval_every=200 | rolls=none | out=results/artifacts_causal_office_both_tcn_causal_epochs1500_rollsnone ===
[office] Using T_expected=60 scans/RP
[office] Using AP indices from coords: [1, 2, 3, 4, 5]
/work/lxr240011/conda_envs/WiMANS/lib/python3.10/site-packages/torch/nn/utils/weight_norm.py:28: UserWarning: torch.nn.utils.weight_norm is deprecated in favor of torch.nn.utils.parametrizations.weight_norm.
  warnings.warn("torch.nn.utils.weight_norm is deprecated in favor of torch.nn.utils.parametrizations.weight_norm.")

[ptflops] Input shape (T,N,F): [60, 5, 8]
[ptflops] Params: 79,710
[ptflops] MACs  : 5.57M
[ptflops] FLOPs : 11.14M  (≈ 2 × MACs)

[ptflops] Saved: results/artifacts_causal_office_both_tcn_causal_epochs1500_rollsnone/model_complexity_ptflops.txt
[EVAL] CAUSAL office | both | tcn | epoch=0200 | RF-RMSE=3.298 m
[EVAL] CAUSAL office | both | tcn | epoch=0400 | RF-RMSE=2.972 m
[EVAL] CAUSAL office | both | tcn | epoch=0600 | RF-RMSE=2.782 m
[EVAL] CAUSAL office | both | tcn | epoch=0800 | RF-RMSE=2.753 m
[EVAL] CAUSAL office | both | tcn | epoch=1000 | RF-RMSE=2.709 m
[EVAL] CAUSAL office | both | tcn | epoch=1200 | RF-RMSE=2.258 m
[EVAL] CAUSAL office | both | tcn | epoch=1400 | RF-RMSE=2.488 m
[EVAL] CAUSAL office | both | tcn | epoch=1500 | RF-RMSE=2.140 m

=== CAUSAL OFFICE | mode=RSS | model=BOTH | epochs=1500 | eval_every=200 | rolls=none | out=results/artifacts_causal_office_rss_both_causal_epochs1500_rollsnone ===
[office] Using T_expected=60 scans/RP
[office] Using AP indices from coords: [1, 2, 3, 4, 5]
/work/lxr240011/conda_envs/WiMANS/lib/python3.10/site-packages/torch/nn/utils/weight_norm.py:28: UserWarning: torch.nn.utils.weight_norm is deprecated in favor of torch.nn.utils.parametrizations.weight_norm.
  warnings.warn("torch.nn.utils.weight_norm is deprecated in favor of torch.nn.utils.parametrizations.weight_norm.")

[ptflops] Input shape (T,N,F): [60, 5, 5]
[ptflops] Params: 88,510
[ptflops] MACs  : 8.21M
[ptflops] FLOPs : 16.42M  (≈ 2 × MACs)

[ptflops] Saved: results/artifacts_causal_office_rss_both_causal_epochs1500_rollsnone/model_complexity_ptflops.txt
[EVAL] CAUSAL office | rss | both | epoch=0200 | RF-RMSE=1.450 m
[EVAL] CAUSAL office | rss | both | epoch=0400 | RF-RMSE=1.554 m
[EVAL] CAUSAL office | rss | both | epoch=0600 | RF-RMSE=1.290 m
[EVAL] CAUSAL office | rss | both | epoch=0800 | RF-RMSE=1.321 m
[EVAL] CAUSAL office | rss | both | epoch=1000 | RF-RMSE=1.343 m
[EVAL] CAUSAL office | rss | both | epoch=1200 | RF-RMSE=1.378 m
[EVAL] CAUSAL office | rss | both | epoch=1400 | RF-RMSE=1.386 m
[EVAL] CAUSAL office | rss | both | epoch=1500 | RF-RMSE=1.371 m

=== CAUSAL OFFICE | mode=RTT | model=BOTH | epochs=1500 | eval_every=200 | rolls=none | out=results/artifacts_causal_office_rtt_both_causal_epochs1500_rollsnone ===
[office] Using T_expected=60 scans/RP
[office] Using AP indices from coords: [1, 2, 3, 4, 5]
/work/lxr240011/conda_envs/WiMANS/lib/python3.10/site-packages/torch/nn/utils/weight_norm.py:28: UserWarning: torch.nn.utils.weight_norm is deprecated in favor of torch.nn.utils.parametrizations.weight_norm.
  warnings.warn("torch.nn.utils.weight_norm is deprecated in favor of torch.nn.utils.parametrizations.weight_norm.")

[ptflops] Input shape (T,N,F): [60, 5, 5]
[ptflops] Params: 88,510
[ptflops] MACs  : 8.21M
[ptflops] FLOPs : 16.42M  (≈ 2 × MACs)

[ptflops] Saved: results/artifacts_causal_office_rtt_both_causal_epochs1500_rollsnone/model_complexity_ptflops.txt
[EVAL] CAUSAL office | rtt | both | epoch=0200 | RF-RMSE=0.562 m
[EVAL] CAUSAL office | rtt | both | epoch=0400 | RF-RMSE=0.635 m
[EVAL] CAUSAL office | rtt | both | epoch=0600 | RF-RMSE=0.702 m
[EVAL] CAUSAL office | rtt | both | epoch=0800 | RF-RMSE=0.573 m
[EVAL] CAUSAL office | rtt | both | epoch=1000 | RF-RMSE=0.687 m
[EVAL] CAUSAL office | rtt | both | epoch=1200 | RF-RMSE=0.639 m
[EVAL] CAUSAL office | rtt | both | epoch=1400 | RF-RMSE=0.695 m
[EVAL] CAUSAL office | rtt | both | epoch=1500 | RF-RMSE=0.698 m

=== CAUSAL OFFICE | mode=BOTH | model=BOTH | epochs=1500 | eval_every=200 | rolls=none | out=results/artifacts_causal_office_both_both_causal_epochs1500_rollsnone ===
[office] Using T_expected=60 scans/RP
[office] Using AP indices from coords: [1, 2, 3, 4, 5]
/work/lxr240011/conda_envs/WiMANS/lib/python3.10/site-packages/torch/nn/utils/weight_norm.py:28: UserWarning: torch.nn.utils.weight_norm is deprecated in favor of torch.nn.utils.parametrizations.weight_norm.
  warnings.warn("torch.nn.utils.weight_norm is deprecated in favor of torch.nn.utils.parametrizations.weight_norm.")

[ptflops] Input shape (T,N,F): [60, 5, 8]
[ptflops] Params: 88,990
[ptflops] MACs  : 8.35M
[ptflops] FLOPs : 16.71M  (≈ 2 × MACs)

[ptflops] Saved: results/artifacts_causal_office_both_both_causal_epochs1500_rollsnone/model_complexity_ptflops.txt
[EVAL] CAUSAL office | both | both | epoch=0200 | RF-RMSE=1.761 m
[EVAL] CAUSAL office | both | both | epoch=0400 | RF-RMSE=1.531 m
[EVAL] CAUSAL office | both | both | epoch=0600 | RF-RMSE=0.790 m
[EVAL] CAUSAL office | both | both | epoch=0800 | RF-RMSE=0.683 m
[EVAL] CAUSAL office | both | both | epoch=1000 | RF-RMSE=0.606 m
[EVAL] CAUSAL office | both | both | epoch=1200 | RF-RMSE=0.598 m
[EVAL] CAUSAL office | both | both | epoch=1400 | RF-RMSE=0.586 m
[EVAL] CAUSAL office | both | both | epoch=1500 | RF-RMSE=0.635 m

================= CAUSAL ENV: lecture_theatre =================

=== CAUSAL LECTURE_THEATRE | mode=RSS | model=GCN | epochs=1500 | eval_every=200 | rolls=none | out=results/artifacts_causal_lecture_theatre_rss_gcn_causal_epochs1500_rollsnone ===
[lecture_theatre] Using T_expected=60 scans/RP
[lecture_theatre] Using AP indices from coords: [1, 2, 3, 4, 5]

[ptflops] Input shape (T,N,F): [60, 5, 5]
[ptflops] Params: 17,790
[ptflops] MACs  : 4.33M
[ptflops] FLOPs : 8.65M  (≈ 2 × MACs)

[ptflops] Saved: results/artifacts_causal_lecture_theatre_rss_gcn_causal_epochs1500_rollsnone/model_complexity_ptflops.txt
[EVAL] CAUSAL lecture_theatre | rss | gcn | epoch=0200 | RF-RMSE=2.973 m
[EVAL] CAUSAL lecture_theatre | rss | gcn | epoch=0400 | RF-RMSE=2.159 m
[EVAL] CAUSAL lecture_theatre | rss | gcn | epoch=0600 | RF-RMSE=2.202 m
[EVAL] CAUSAL lecture_theatre | rss | gcn | epoch=0800 | RF-RMSE=2.136 m
[EVAL] CAUSAL lecture_theatre | rss | gcn | epoch=1000 | RF-RMSE=2.150 m
[EVAL] CAUSAL lecture_theatre | rss | gcn | epoch=1200 | RF-RMSE=2.070 m
[EVAL] CAUSAL lecture_theatre | rss | gcn | epoch=1400 | RF-RMSE=2.167 m
[EVAL] CAUSAL lecture_theatre | rss | gcn | epoch=1500 | RF-RMSE=1.994 m

=== CAUSAL LECTURE_THEATRE | mode=RTT | model=GCN | epochs=1500 | eval_every=200 | rolls=none | out=results/artifacts_causal_lecture_theatre_rtt_gcn_causal_epochs1500_rollsnone ===
[lecture_theatre] Using T_expected=60 scans/RP
[lecture_theatre] Using AP indices from coords: [1, 2, 3, 4, 5]

[ptflops] Input shape (T,N,F): [60, 5, 5]
[ptflops] Params: 17,790
[ptflops] MACs  : 4.33M
[ptflops] FLOPs : 8.65M  (≈ 2 × MACs)

[ptflops] Saved: results/artifacts_causal_lecture_theatre_rtt_gcn_causal_epochs1500_rollsnone/model_complexity_ptflops.txt
[EVAL] CAUSAL lecture_theatre | rtt | gcn | epoch=0200 | RF-RMSE=0.531 m
[EVAL] CAUSAL lecture_theatre | rtt | gcn | epoch=0400 | RF-RMSE=0.526 m
[EVAL] CAUSAL lecture_theatre | rtt | gcn | epoch=0600 | RF-RMSE=0.466 m
[EVAL] CAUSAL lecture_theatre | rtt | gcn | epoch=0800 | RF-RMSE=0.472 m
[EVAL] CAUSAL lecture_theatre | rtt | gcn | epoch=1000 | RF-RMSE=0.467 m
[EVAL] CAUSAL lecture_theatre | rtt | gcn | epoch=1200 | RF-RMSE=0.482 m
[EVAL] CAUSAL lecture_theatre | rtt | gcn | epoch=1400 | RF-RMSE=0.487 m
[EVAL] CAUSAL lecture_theatre | rtt | gcn | epoch=1500 | RF-RMSE=0.462 m

=== CAUSAL LECTURE_THEATRE | mode=BOTH | model=GCN | epochs=1500 | eval_every=200 | rolls=none | out=results/artifacts_causal_lecture_theatre_both_gcn_causal_epochs1500_rollsnone ===
[lecture_theatre] Using T_expected=60 scans/RP
[lecture_theatre] Using AP indices from coords: [1, 2, 3, 4, 5]

[ptflops] Input shape (T,N,F): [60, 5, 8]
[ptflops] Params: 18,078
[ptflops] MACs  : 4.41M
[ptflops] FLOPs : 8.83M  (≈ 2 × MACs)

[ptflops] Saved: results/artifacts_causal_lecture_theatre_both_gcn_causal_epochs1500_rollsnone/model_complexity_ptflops.txt
[EVAL] CAUSAL lecture_theatre | both | gcn | epoch=0200 | RF-RMSE=1.379 m
[EVAL] CAUSAL lecture_theatre | both | gcn | epoch=0400 | RF-RMSE=1.050 m
[EVAL] CAUSAL lecture_theatre | both | gcn | epoch=0600 | RF-RMSE=0.891 m
[EVAL] CAUSAL lecture_theatre | both | gcn | epoch=0800 | RF-RMSE=0.792 m
[EVAL] CAUSAL lecture_theatre | both | gcn | epoch=1000 | RF-RMSE=0.800 m
[EVAL] CAUSAL lecture_theatre | both | gcn | epoch=1200 | RF-RMSE=0.743 m
[EVAL] CAUSAL lecture_theatre | both | gcn | epoch=1400 | RF-RMSE=0.716 m
[EVAL] CAUSAL lecture_theatre | both | gcn | epoch=1500 | RF-RMSE=0.658 m

=== CAUSAL LECTURE_THEATRE | mode=RSS | model=TCN | epochs=1500 | eval_every=200 | rolls=none | out=results/artifacts_causal_lecture_theatre_rss_tcn_causal_epochs1500_rollsnone ===
[lecture_theatre] Using T_expected=60 scans/RP
[lecture_theatre] Using AP indices from coords: [1, 2, 3, 4, 5]
/work/lxr240011/conda_envs/WiMANS/lib/python3.10/site-packages/torch/nn/utils/weight_norm.py:28: UserWarning: torch.nn.utils.weight_norm is deprecated in favor of torch.nn.utils.parametrizations.weight_norm.
  warnings.warn("torch.nn.utils.weight_norm is deprecated in favor of torch.nn.utils.parametrizations.weight_norm.")

[ptflops] Input shape (T,N,F): [60, 5, 5]
[ptflops] Params: 79,422
[ptflops] MACs  : 5.48M
[ptflops] FLOPs : 10.97M  (≈ 2 × MACs)

[ptflops] Saved: results/artifacts_causal_lecture_theatre_rss_tcn_causal_epochs1500_rollsnone/model_complexity_ptflops.txt
[EVAL] CAUSAL lecture_theatre | rss | tcn | epoch=0200 | RF-RMSE=2.327 m
[EVAL] CAUSAL lecture_theatre | rss | tcn | epoch=0400 | RF-RMSE=2.163 m
[EVAL] CAUSAL lecture_theatre | rss | tcn | epoch=0600 | RF-RMSE=2.147 m
[EVAL] CAUSAL lecture_theatre | rss | tcn | epoch=0800 | RF-RMSE=2.163 m
[EVAL] CAUSAL lecture_theatre | rss | tcn | epoch=1000 | RF-RMSE=2.236 m
[EVAL] CAUSAL lecture_theatre | rss | tcn | epoch=1200 | RF-RMSE=2.012 m
[EVAL] CAUSAL lecture_theatre | rss | tcn | epoch=1400 | RF-RMSE=1.948 m
[EVAL] CAUSAL lecture_theatre | rss | tcn | epoch=1500 | RF-RMSE=2.151 m

=== CAUSAL LECTURE_THEATRE | mode=RTT | model=TCN | epochs=1500 | eval_every=200 | rolls=none | out=results/artifacts_causal_lecture_theatre_rtt_tcn_causal_epochs1500_rollsnone ===
[lecture_theatre] Using T_expected=60 scans/RP
[lecture_theatre] Using AP indices from coords: [1, 2, 3, 4, 5]
/work/lxr240011/conda_envs/WiMANS/lib/python3.10/site-packages/torch/nn/utils/weight_norm.py:28: UserWarning: torch.nn.utils.weight_norm is deprecated in favor of torch.nn.utils.parametrizations.weight_norm.
  warnings.warn("torch.nn.utils.weight_norm is deprecated in favor of torch.nn.utils.parametrizations.weight_norm.")

[ptflops] Input shape (T,N,F): [60, 5, 5]
[ptflops] Params: 79,422
[ptflops] MACs  : 5.48M
[ptflops] FLOPs : 10.97M  (≈ 2 × MACs)

[ptflops] Saved: results/artifacts_causal_lecture_theatre_rtt_tcn_causal_epochs1500_rollsnone/model_complexity_ptflops.txt
[EVAL] CAUSAL lecture_theatre | rtt | tcn | epoch=0200 | RF-RMSE=0.419 m
[EVAL] CAUSAL lecture_theatre | rtt | tcn | epoch=0400 | RF-RMSE=0.382 m
[EVAL] CAUSAL lecture_theatre | rtt | tcn | epoch=0600 | RF-RMSE=0.354 m
[EVAL] CAUSAL lecture_theatre | rtt | tcn | epoch=0800 | RF-RMSE=0.380 m
[EVAL] CAUSAL lecture_theatre | rtt | tcn | epoch=1000 | RF-RMSE=0.371 m
[EVAL] CAUSAL lecture_theatre | rtt | tcn | epoch=1200 | RF-RMSE=0.389 m
[EVAL] CAUSAL lecture_theatre | rtt | tcn | epoch=1400 | RF-RMSE=0.412 m
[EVAL] CAUSAL lecture_theatre | rtt | tcn | epoch=1500 | RF-RMSE=0.418 m

=== CAUSAL LECTURE_THEATRE | mode=BOTH | model=TCN | epochs=1500 | eval_every=200 | rolls=none | out=results/artifacts_causal_lecture_theatre_both_tcn_causal_epochs1500_rollsnone ===
[lecture_theatre] Using T_expected=60 scans/RP
[lecture_theatre] Using AP indices from coords: [1, 2, 3, 4, 5]
/work/lxr240011/conda_envs/WiMANS/lib/python3.10/site-packages/torch/nn/utils/weight_norm.py:28: UserWarning: torch.nn.utils.weight_norm is deprecated in favor of torch.nn.utils.parametrizations.weight_norm.
  warnings.warn("torch.nn.utils.weight_norm is deprecated in favor of torch.nn.utils.parametrizations.weight_norm.")

[ptflops] Input shape (T,N,F): [60, 5, 8]
[ptflops] Params: 79,710
[ptflops] MACs  : 5.57M
[ptflops] FLOPs : 11.14M  (≈ 2 × MACs)

[ptflops] Saved: results/artifacts_causal_lecture_theatre_both_tcn_causal_epochs1500_rollsnone/model_complexity_ptflops.txt
[EVAL] CAUSAL lecture_theatre | both | tcn | epoch=0200 | RF-RMSE=1.719 m
[EVAL] CAUSAL lecture_theatre | both | tcn | epoch=0400 | RF-RMSE=1.475 m
[EVAL] CAUSAL lecture_theatre | both | tcn | epoch=0600 | RF-RMSE=0.960 m
[EVAL] CAUSAL lecture_theatre | both | tcn | epoch=0800 | RF-RMSE=0.886 m
[EVAL] CAUSAL lecture_theatre | both | tcn | epoch=1000 | RF-RMSE=0.902 m
[EVAL] CAUSAL lecture_theatre | both | tcn | epoch=1200 | RF-RMSE=0.827 m
[EVAL] CAUSAL lecture_theatre | both | tcn | epoch=1400 | RF-RMSE=0.819 m
[EVAL] CAUSAL lecture_theatre | both | tcn | epoch=1500 | RF-RMSE=0.802 m

=== CAUSAL LECTURE_THEATRE | mode=RSS | model=BOTH | epochs=1500 | eval_every=200 | rolls=none | out=results/artifacts_causal_lecture_theatre_rss_both_causal_epochs1500_rollsnone ===
[lecture_theatre] Using T_expected=60 scans/RP
[lecture_theatre] Using AP indices from coords: [1, 2, 3, 4, 5]
/work/lxr240011/conda_envs/WiMANS/lib/python3.10/site-packages/torch/nn/utils/weight_norm.py:28: UserWarning: torch.nn.utils.weight_norm is deprecated in favor of torch.nn.utils.parametrizations.weight_norm.
  warnings.warn("torch.nn.utils.weight_norm is deprecated in favor of torch.nn.utils.parametrizations.weight_norm.")

[ptflops] Input shape (T,N,F): [60, 5, 5]
[ptflops] Params: 88,510
[ptflops] MACs  : 8.21M
[ptflops] FLOPs : 16.42M  (≈ 2 × MACs)

[ptflops] Saved: results/artifacts_causal_lecture_theatre_rss_both_causal_epochs1500_rollsnone/model_complexity_ptflops.txt
[EVAL] CAUSAL lecture_theatre | rss | both | epoch=0200 | RF-RMSE=2.705 m
[EVAL] CAUSAL lecture_theatre | rss | both | epoch=0400 | RF-RMSE=2.168 m
[EVAL] CAUSAL lecture_theatre | rss | both | epoch=0600 | RF-RMSE=2.288 m
[EVAL] CAUSAL lecture_theatre | rss | both | epoch=0800 | RF-RMSE=2.095 m
[EVAL] CAUSAL lecture_theatre | rss | both | epoch=1000 | RF-RMSE=2.483 m
[EVAL] CAUSAL lecture_theatre | rss | both | epoch=1200 | RF-RMSE=2.489 m
[EVAL] CAUSAL lecture_theatre | rss | both | epoch=1400 | RF-RMSE=2.462 m
[EVAL] CAUSAL lecture_theatre | rss | both | epoch=1500 | RF-RMSE=2.544 m

=== CAUSAL LECTURE_THEATRE | mode=RTT | model=BOTH | epochs=1500 | eval_every=200 | rolls=none | out=results/artifacts_causal_lecture_theatre_rtt_both_causal_epochs1500_rollsnone ===
[lecture_theatre] Using T_expected=60 scans/RP
[lecture_theatre] Using AP indices from coords: [1, 2, 3, 4, 5]
/work/lxr240011/conda_envs/WiMANS/lib/python3.10/site-packages/torch/nn/utils/weight_norm.py:28: UserWarning: torch.nn.utils.weight_norm is deprecated in favor of torch.nn.utils.parametrizations.weight_norm.
  warnings.warn("torch.nn.utils.weight_norm is deprecated in favor of torch.nn.utils.parametrizations.weight_norm.")

[ptflops] Input shape (T,N,F): [60, 5, 5]
[ptflops] Params: 88,510
[ptflops] MACs  : 8.21M
[ptflops] FLOPs : 16.42M  (≈ 2 × MACs)

[ptflops] Saved: results/artifacts_causal_lecture_theatre_rtt_both_causal_epochs1500_rollsnone/model_complexity_ptflops.txt
[EVAL] CAUSAL lecture_theatre | rtt | both | epoch=0200 | RF-RMSE=0.508 m
[EVAL] CAUSAL lecture_theatre | rtt | both | epoch=0400 | RF-RMSE=0.400 m
[EVAL] CAUSAL lecture_theatre | rtt | both | epoch=0600 | RF-RMSE=0.412 m
[EVAL] CAUSAL lecture_theatre | rtt | both | epoch=0800 | RF-RMSE=0.370 m
[EVAL] CAUSAL lecture_theatre | rtt | both | epoch=1000 | RF-RMSE=0.383 m
[EVAL] CAUSAL lecture_theatre | rtt | both | epoch=1200 | RF-RMSE=0.386 m
[EVAL] CAUSAL lecture_theatre | rtt | both | epoch=1400 | RF-RMSE=0.394 m
[EVAL] CAUSAL lecture_theatre | rtt | both | epoch=1500 | RF-RMSE=0.367 m

=== CAUSAL LECTURE_THEATRE | mode=BOTH | model=BOTH | epochs=1500 | eval_every=200 | rolls=none | out=results/artifacts_causal_lecture_theatre_both_both_causal_epochs1500_rollsnone ===
[lecture_theatre] Using T_expected=60 scans/RP
[lecture_theatre] Using AP indices from coords: [1, 2, 3, 4, 5]
/work/lxr240011/conda_envs/WiMANS/lib/python3.10/site-packages/torch/nn/utils/weight_norm.py:28: UserWarning: torch.nn.utils.weight_norm is deprecated in favor of torch.nn.utils.parametrizations.weight_norm.
  warnings.warn("torch.nn.utils.weight_norm is deprecated in favor of torch.nn.utils.parametrizations.weight_norm.")

[ptflops] Input shape (T,N,F): [60, 5, 8]
[ptflops] Params: 88,990
[ptflops] MACs  : 8.35M
[ptflops] FLOPs : 16.71M  (≈ 2 × MACs)

[ptflops] Saved: results/artifacts_causal_lecture_theatre_both_both_causal_epochs1500_rollsnone/model_complexity_ptflops.txt
[EVAL] CAUSAL lecture_theatre | both | both | epoch=0200 | RF-RMSE=1.093 m
[EVAL] CAUSAL lecture_theatre | both | both | epoch=0400 | RF-RMSE=0.988 m
[EVAL] CAUSAL lecture_theatre | both | both | epoch=0600 | RF-RMSE=1.076 m
[EVAL] CAUSAL lecture_theatre | both | both | epoch=0800 | RF-RMSE=0.783 m
[EVAL] CAUSAL lecture_theatre | both | both | epoch=1000 | RF-RMSE=0.711 m
[EVAL] CAUSAL lecture_theatre | both | both | epoch=1200 | RF-RMSE=0.520 m
[EVAL] CAUSAL lecture_theatre | both | both | epoch=1400 | RF-RMSE=0.619 m
[EVAL] CAUSAL lecture_theatre | both | both | epoch=1500 | RF-RMSE=0.591 m

================= CAUSAL ENV: building =================

=== CAUSAL BUILDING | mode=RSS | model=GCN | epochs=1500 | eval_every=200 | rolls=none | out=results/artifacts_causal_building_rss_gcn_causal_epochs1500_rollsnone ===
[building] Using T_expected=120 scans/RP
[building] Using AP indices from coords: [1, 2, 3, 4, 5, 6, 7, 8, 9, 10, 11, 12, 13]

[ptflops] Input shape (T,N,F): [120, 13, 5]
[ptflops] Params: 17,934
[ptflops] MACs  : 21.65M
[ptflops] FLOPs : 43.30M  (≈ 2 × MACs)

[ptflops] Saved: results/artifacts_causal_building_rss_gcn_causal_epochs1500_rollsnone/model_complexity_ptflops.txt
[EVAL] CAUSAL building | rss | gcn | epoch=0200 | RF-RMSE=2.917 m
[EVAL] CAUSAL building | rss | gcn | epoch=0400 | RF-RMSE=3.350 m
[EVAL] CAUSAL building | rss | gcn | epoch=0600 | RF-RMSE=2.666 m
[EVAL] CAUSAL building | rss | gcn | epoch=0800 | RF-RMSE=2.476 m
[EVAL] CAUSAL building | rss | gcn | epoch=1000 | RF-RMSE=2.174 m
[EVAL] CAUSAL building | rss | gcn | epoch=1200 | RF-RMSE=2.139 m
[EVAL] CAUSAL building | rss | gcn | epoch=1400 | RF-RMSE=2.278 m
[EVAL] CAUSAL building | rss | gcn | epoch=1500 | RF-RMSE=1.987 m

=== CAUSAL BUILDING | mode=RTT | model=GCN | epochs=1500 | eval_every=200 | rolls=none | out=results/artifacts_causal_building_rtt_gcn_causal_epochs1500_rollsnone ===
[building] Using T_expected=120 scans/RP
[building] Using AP indices from coords: [1, 2, 3, 4, 5, 6, 7, 8, 9, 10, 11, 12, 13]

[ptflops] Input shape (T,N,F): [120, 13, 5]
[ptflops] Params: 17,934
[ptflops] MACs  : 21.65M
[ptflops] FLOPs : 43.30M  (≈ 2 × MACs)

[ptflops] Saved: results/artifacts_causal_building_rtt_gcn_causal_epochs1500_rollsnone/model_complexity_ptflops.txt
[EVAL] CAUSAL building | rtt | gcn | epoch=0200 | RF-RMSE=1.952 m
[EVAL] CAUSAL building | rtt | gcn | epoch=0400 | RF-RMSE=1.696 m
[EVAL] CAUSAL building | rtt | gcn | epoch=0600 | RF-RMSE=1.389 m
[EVAL] CAUSAL building | rtt | gcn | epoch=0800 | RF-RMSE=1.132 m
[EVAL] CAUSAL building | rtt | gcn | epoch=1000 | RF-RMSE=1.046 m
[EVAL] CAUSAL building | rtt | gcn | epoch=1200 | RF-RMSE=0.979 m
[EVAL] CAUSAL building | rtt | gcn | epoch=1400 | RF-RMSE=0.908 m
[EVAL] CAUSAL building | rtt | gcn | epoch=1500 | RF-RMSE=1.025 m

=== CAUSAL BUILDING | mode=BOTH | model=GCN | epochs=1500 | eval_every=200 | rolls=none | out=results/artifacts_causal_building_both_gcn_causal_epochs1500_rollsnone ===
[building] Using T_expected=120 scans/RP
[building] Using AP indices from coords: [1, 2, 3, 4, 5, 6, 7, 8, 9, 10, 11, 12, 13]

[ptflops] Input shape (T,N,F): [120, 13, 8]
[ptflops] Params: 18,222
[ptflops] MACs  : 22.10M
[ptflops] FLOPs : 44.19M  (≈ 2 × MACs)

[ptflops] Saved: results/artifacts_causal_building_both_gcn_causal_epochs1500_rollsnone/model_complexity_ptflops.txt
[EVAL] CAUSAL building | both | gcn | epoch=0200 | RF-RMSE=16.007 m
[EVAL] CAUSAL building | both | gcn | epoch=0400 | RF-RMSE=16.010 m
[EVAL] CAUSAL building | both | gcn | epoch=0600 | RF-RMSE=16.007 m
[EVAL] CAUSAL building | both | gcn | epoch=0800 | RF-RMSE=16.006 m
[EVAL] CAUSAL building | both | gcn | epoch=1000 | RF-RMSE=16.007 m
[EVAL] CAUSAL building | both | gcn | epoch=1200 | RF-RMSE=16.003 m
[EVAL] CAUSAL building | both | gcn | epoch=1400 | RF-RMSE=16.009 m
[EVAL] CAUSAL building | both | gcn | epoch=1500 | RF-RMSE=16.006 m

=== CAUSAL BUILDING | mode=RSS | model=TCN | epochs=1500 | eval_every=200 | rolls=none | out=results/artifacts_causal_building_rss_tcn_causal_epochs1500_rollsnone ===
[building] Using T_expected=120 scans/RP
[building] Using AP indices from coords: [1, 2, 3, 4, 5, 6, 7, 8, 9, 10, 11, 12, 13]
/work/lxr240011/conda_envs/WiMANS/lib/python3.10/site-packages/torch/nn/utils/weight_norm.py:28: UserWarning: torch.nn.utils.weight_norm is deprecated in favor of torch.nn.utils.parametrizations.weight_norm.
  warnings.warn("torch.nn.utils.weight_norm is deprecated in favor of torch.nn.utils.parametrizations.weight_norm.")

[ptflops] Input shape (T,N,F): [120, 13, 5]
[ptflops] Params: 79,566
[ptflops] MACs  : 11.09M
[ptflops] FLOPs : 22.18M  (≈ 2 × MACs)

[ptflops] Saved: results/artifacts_causal_building_rss_tcn_causal_epochs1500_rollsnone/model_complexity_ptflops.txt
[EVAL] CAUSAL building | rss | tcn | epoch=0200 | RF-RMSE=2.479 m
[EVAL] CAUSAL building | rss | tcn | epoch=0400 | RF-RMSE=2.318 m
[EVAL] CAUSAL building | rss | tcn | epoch=0600 | RF-RMSE=2.221 m
[EVAL] CAUSAL building | rss | tcn | epoch=0800 | RF-RMSE=2.448 m
[EVAL] CAUSAL building | rss | tcn | epoch=1000 | RF-RMSE=1.866 m
[EVAL] CAUSAL building | rss | tcn | epoch=1200 | RF-RMSE=1.985 m
[EVAL] CAUSAL building | rss | tcn | epoch=1400 | RF-RMSE=1.876 m
[EVAL] CAUSAL building | rss | tcn | epoch=1500 | RF-RMSE=2.028 m

=== CAUSAL BUILDING | mode=RTT | model=TCN | epochs=1500 | eval_every=200 | rolls=none | out=results/artifacts_causal_building_rtt_tcn_causal_epochs1500_rollsnone ===
[building] Using T_expected=120 scans/RP
[building] Using AP indices from coords: [1, 2, 3, 4, 5, 6, 7, 8, 9, 10, 11, 12, 13]
/work/lxr240011/conda_envs/WiMANS/lib/python3.10/site-packages/torch/nn/utils/weight_norm.py:28: UserWarning: torch.nn.utils.weight_norm is deprecated in favor of torch.nn.utils.parametrizations.weight_norm.
  warnings.warn("torch.nn.utils.weight_norm is deprecated in favor of torch.nn.utils.parametrizations.weight_norm.")

[ptflops] Input shape (T,N,F): [120, 13, 5]
[ptflops] Params: 79,566
[ptflops] MACs  : 11.09M
[ptflops] FLOPs : 22.18M  (≈ 2 × MACs)

[ptflops] Saved: results/artifacts_causal_building_rtt_tcn_causal_epochs1500_rollsnone/model_complexity_ptflops.txt
[EVAL] CAUSAL building | rtt | tcn | epoch=0200 | RF-RMSE=1.868 m
[EVAL] CAUSAL building | rtt | tcn | epoch=0400 | RF-RMSE=1.692 m
[EVAL] CAUSAL building | rtt | tcn | epoch=0600 | RF-RMSE=1.402 m
[EVAL] CAUSAL building | rtt | tcn | epoch=0800 | RF-RMSE=1.196 m
[EVAL] CAUSAL building | rtt | tcn | epoch=1000 | RF-RMSE=1.185 m
[EVAL] CAUSAL building | rtt | tcn | epoch=1200 | RF-RMSE=1.100 m
[EVAL] CAUSAL building | rtt | tcn | epoch=1400 | RF-RMSE=1.227 m
[EVAL] CAUSAL building | rtt | tcn | epoch=1500 | RF-RMSE=1.114 m

=== CAUSAL BUILDING | mode=BOTH | model=TCN | epochs=1500 | eval_every=200 | rolls=none | out=results/artifacts_causal_building_both_tcn_causal_epochs1500_rollsnone ===
[building] Using T_expected=120 scans/RP
[building] Using AP indices from coords: [1, 2, 3, 4, 5, 6, 7, 8, 9, 10, 11, 12, 13]
/work/lxr240011/conda_envs/WiMANS/lib/python3.10/site-packages/torch/nn/utils/weight_norm.py:28: UserWarning: torch.nn.utils.weight_norm is deprecated in favor of torch.nn.utils.parametrizations.weight_norm.
  warnings.warn("torch.nn.utils.weight_norm is deprecated in favor of torch.nn.utils.parametrizations.weight_norm.")

[ptflops] Input shape (T,N,F): [120, 13, 8]
[ptflops] Params: 79,854
[ptflops] MACs  : 11.54M
[ptflops] FLOPs : 23.08M  (≈ 2 × MACs)

[ptflops] Saved: results/artifacts_causal_building_both_tcn_causal_epochs1500_rollsnone/model_complexity_ptflops.txt
[EVAL] CAUSAL building | both | tcn | epoch=0200 | RF-RMSE=17.662 m
[EVAL] CAUSAL building | both | tcn | epoch=0400 | RF-RMSE=16.011 m
[EVAL] CAUSAL building | both | tcn | epoch=0600 | RF-RMSE=16.007 m
[EVAL] CAUSAL building | both | tcn | epoch=0800 | RF-RMSE=16.006 m
[EVAL] CAUSAL building | both | tcn | epoch=1000 | RF-RMSE=16.007 m
[EVAL] CAUSAL building | both | tcn | epoch=1200 | RF-RMSE=16.003 m
[EVAL] CAUSAL building | both | tcn | epoch=1400 | RF-RMSE=16.009 m
[EVAL] CAUSAL building | both | tcn | epoch=1500 | RF-RMSE=16.006 m

=== CAUSAL BUILDING | mode=RSS | model=BOTH | epochs=1500 | eval_every=200 | rolls=none | out=results/artifacts_causal_building_rss_both_causal_epochs1500_rollsnone ===
[building] Using T_expected=120 scans/RP
[building] Using AP indices from coords: [1, 2, 3, 4, 5, 6, 7, 8, 9, 10, 11, 12, 13]
/work/lxr240011/conda_envs/WiMANS/lib/python3.10/site-packages/torch/nn/utils/weight_norm.py:28: UserWarning: torch.nn.utils.weight_norm is deprecated in favor of torch.nn.utils.parametrizations.weight_norm.
  warnings.warn("torch.nn.utils.weight_norm is deprecated in favor of torch.nn.utils.parametrizations.weight_norm.")

[ptflops] Input shape (T,N,F): [120, 13, 5]
[ptflops] Params: 88,654
[ptflops] MACs  : 25.27M
[ptflops] FLOPs : 50.53M  (≈ 2 × MACs)

[ptflops] Saved: results/artifacts_causal_building_rss_both_causal_epochs1500_rollsnone/model_complexity_ptflops.txt
[EVAL] CAUSAL building | rss | both | epoch=0200 | RF-RMSE=2.471 m
[EVAL] CAUSAL building | rss | both | epoch=0400 | RF-RMSE=2.193 m
[EVAL] CAUSAL building | rss | both | epoch=0600 | RF-RMSE=2.193 m
[EVAL] CAUSAL building | rss | both | epoch=0800 | RF-RMSE=1.691 m
[EVAL] CAUSAL building | rss | both | epoch=1000 | RF-RMSE=1.658 m
[EVAL] CAUSAL building | rss | both | epoch=1200 | RF-RMSE=1.632 m
[EVAL] CAUSAL building | rss | both | epoch=1400 | RF-RMSE=1.602 m
[EVAL] CAUSAL building | rss | both | epoch=1500 | RF-RMSE=1.669 m

=== CAUSAL BUILDING | mode=RTT | model=BOTH | epochs=1500 | eval_every=200 | rolls=none | out=results/artifacts_causal_building_rtt_both_causal_epochs1500_rollsnone ===
[building] Using T_expected=120 scans/RP
[building] Using AP indices from coords: [1, 2, 3, 4, 5, 6, 7, 8, 9, 10, 11, 12, 13]
/work/lxr240011/conda_envs/WiMANS/lib/python3.10/site-packages/torch/nn/utils/weight_norm.py:28: UserWarning: torch.nn.utils.weight_norm is deprecated in favor of torch.nn.utils.parametrizations.weight_norm.
  warnings.warn("torch.nn.utils.weight_norm is deprecated in favor of torch.nn.utils.parametrizations.weight_norm.")

[ptflops] Input shape (T,N,F): [120, 13, 5]
[ptflops] Params: 88,654
[ptflops] MACs  : 25.27M
[ptflops] FLOPs : 50.53M  (≈ 2 × MACs)

[ptflops] Saved: results/artifacts_causal_building_rtt_both_causal_epochs1500_rollsnone/model_complexity_ptflops.txt
[EVAL] CAUSAL building | rtt | both | epoch=0200 | RF-RMSE=0.888 m
[EVAL] CAUSAL building | rtt | both | epoch=0400 | RF-RMSE=0.780 m
[EVAL] CAUSAL building | rtt | both | epoch=0600 | RF-RMSE=0.710 m
[EVAL] CAUSAL building | rtt | both | epoch=0800 | RF-RMSE=0.769 m
[EVAL] CAUSAL building | rtt | both | epoch=1000 | RF-RMSE=0.679 m
[EVAL] CAUSAL building | rtt | both | epoch=1200 | RF-RMSE=0.623 m
[EVAL] CAUSAL building | rtt | both | epoch=1400 | RF-RMSE=0.808 m
[EVAL] CAUSAL building | rtt | both | epoch=1500 | RF-RMSE=0.797 m

=== CAUSAL BUILDING | mode=BOTH | model=BOTH | epochs=1500 | eval_every=200 | rolls=none | out=results/artifacts_causal_building_both_both_causal_epochs1500_rollsnone ===
[building] Using T_expected=120 scans/RP
[building] Using AP indices from coords: [1, 2, 3, 4, 5, 6, 7, 8, 9, 10, 11, 12, 13]
/work/lxr240011/conda_envs/WiMANS/lib/python3.10/site-packages/torch/nn/utils/weight_norm.py:28: UserWarning: torch.nn.utils.weight_norm is deprecated in favor of torch.nn.utils.parametrizations.weight_norm.
  warnings.warn("torch.nn.utils.weight_norm is deprecated in favor of torch.nn.utils.parametrizations.weight_norm.")

[ptflops] Input shape (T,N,F): [120, 13, 8]
[ptflops] Params: 89,134
[ptflops] MACs  : 26.02M
[ptflops] FLOPs : 52.03M  (≈ 2 × MACs)

[ptflops] Saved: results/artifacts_causal_building_both_both_causal_epochs1500_rollsnone/model_complexity_ptflops.txt
[EVAL] CAUSAL building | both | both | epoch=0200 | RF-RMSE=1.984 m
[EVAL] CAUSAL building | both | both | epoch=0400 | RF-RMSE=2.022 m
[EVAL] CAUSAL building | both | both | epoch=0600 | RF-RMSE=1.283 m
[EVAL] CAUSAL building | both | both | epoch=0800 | RF-RMSE=0.961 m
[EVAL] CAUSAL building | both | both | epoch=1000 | RF-RMSE=0.885 m
[EVAL] CAUSAL building | both | both | epoch=1200 | RF-RMSE=0.912 m
[EVAL] CAUSAL building | both | both | epoch=1400 | RF-RMSE=0.918 m
[EVAL] CAUSAL building | both | both | epoch=1500 | RF-RMSE=0.846 m

=== CAUSAL SWEEP COMPLETE ===
                env feature_mode model_type  ...  causal  epochs  roll_windows
0          corridor          rss        gcn  ...    True    1500          none
1          corridor          rtt        gcn  ...    True    1500          none
2          corridor         both        gcn  ...    True    1500          none
3          corridor          rss        tcn  ...    True    1500          none
4          corridor          rtt        tcn  ...    True    1500          none
5          corridor         both        tcn  ...    True    1500          none
6          corridor          rss       both  ...    True    1500          none
7          corridor          rtt       both  ...    True    1500          none
8          corridor         both       both  ...    True    1500          none
9            office          rss        gcn  ...    True    1500          none
10           office          rtt        gcn  ...    True    1500          none
11           office         both        gcn  ...    True    1500          none
12           office          rss        tcn  ...    True    1500          none
13           office          rtt        tcn  ...    True    1500          none
14           office         both        tcn  ...    True    1500          none
15           office          rss       both  ...    True    1500          none
16           office          rtt       both  ...    True    1500          none
17           office         both       both  ...    True    1500          none
18  lecture_theatre          rss        gcn  ...    True    1500          none
19  lecture_theatre          rtt        gcn  ...    True    1500          none
20  lecture_theatre         both        gcn  ...    True    1500          none
21  lecture_theatre          rss        tcn  ...    True    1500          none
22  lecture_theatre          rtt        tcn  ...    True    1500          none
23  lecture_theatre         both        tcn  ...    True    1500          none
24  lecture_theatre          rss       both  ...    True    1500          none
25  lecture_theatre          rtt       both  ...    True    1500          none
26  lecture_theatre         both       both  ...    True    1500          none
27         building          rss        gcn  ...    True    1500          none
28         building          rtt        gcn  ...    True    1500          none
29         building         both        gcn  ...    True    1500          none
30         building          rss        tcn  ...    True    1500          none
31         building          rtt        tcn  ...    True    1500          none
32         building         both        tcn  ...    True    1500          none
33         building          rss       both  ...    True    1500          none
34         building          rtt       both  ...    True    1500          none
35         building         both       both  ...    True    1500          none

[36 rows x 11 columns]

Combined CSV saved to: results/results_causal_sweep_causal_epochs1500_rollsnone_2025-11-02_00-58-01/artifacts_causal_all_envs_all_models_all_modes_causal_epochs1500_rollsnone.csv

=== Best feature mode per (environment, model) - CAUSAL ===
            env model_type feature_mode  rf_rmse  epochs roll_windows
       building       both          rtt 0.796605    1500         none
       building        gcn          rtt 1.025305    1500         none
       building        tcn          rtt 1.114398    1500         none
       corridor       both          rtt 0.669096    1500         none
       corridor        gcn          rtt 0.760069    1500         none
       corridor        tcn          rtt 0.794800    1500         none
lecture_theatre       both          rtt 0.366772    1500         none
lecture_theatre        gcn          rtt 0.461921    1500         none
lecture_theatre        tcn          rtt 0.418165    1500         none
         office       both         both 0.635127    1500         none
         office        gcn          rtt 0.664089    1500         none
         office        tcn          rtt 0.647192    1500         none

========== CAUSAL SWEEP END: causal_epochs1500_rollsnone ==========

+ set +x
[DONE] Finished main_all_nostat.py
