[INFO] Host      : g-04-01
[INFO] SLURM JOB : 70300
[INFO] GPU       : MIG-332bdf05-d4de-5e51-87da-13e92745bbb9
Mon Nov  3 10:43:06 2025       
+-----------------------------------------------------------------------------------------+
| NVIDIA-SMI 550.163.01             Driver Version: 550.163.01     CUDA Version: 12.4     |
|-----------------------------------------+------------------------+----------------------+
| GPU  Name                 Persistence-M | Bus-Id          Disp.A | Volatile Uncorr. ECC |
| Fan  Temp   Perf          Pwr:Usage/Cap |           Memory-Usage | GPU-Util  Compute M. |
|                                         |                        |               MIG M. |
|=========================================+========================+======================|
|   0  NVIDIA A30                     On  |   00000000:21:00.0 Off |                  Off |
| N/A   35C    P0             67W /  165W |      51MiB /  24576MiB |     N/A      Default |
|                                         |                        |              Enabled |
+-----------------------------------------+------------------------+----------------------+

+-----------------------------------------------------------------------------------------+
| MIG devices:                                                                            |
+------------------+----------------------------------+-----------+-----------------------+
| GPU  GI  CI  MIG |                     Memory-Usage |        Vol|      Shared           |
|      ID  ID  Dev |                       BAR1-Usage | SM     Unc| CE ENC DEC OFA JPG    |
|                  |                                  |        ECC|                       |
|==================+==================================+===========+=======================|
|  0    3   0   0  |              13MiB /  5952MiB    | 14    N/A |  1   0    1    0    0 |
|                  |                 0MiB /  8191MiB  |           |                       |
+------------------+----------------------------------+-----------+-----------------------+
                                                                                         
+-----------------------------------------------------------------------------------------+
| Processes:                                                                              |
|  GPU   GI   CI        PID   Type   Process name                              GPU Memory |
|        ID   ID                                                               Usage      |
|=========================================================================================|
|  No running processes found                                                             |
+-----------------------------------------------------------------------------------------+
+ /work/lxr240011/conda_envs/WiMANS/bin/python -u main_causal_residual_ap.py

=== CUSTOM AP DENSITY: LECTURE_THEATRE ===

--- LECTURE_THEATRE | Using APs=[1, 2, 3] ---

=== CAUSAL LECTURE_THEATRE | mode=RSS | model=BOTH | epochs=1500 | eval_every=200 | rolls=[5, 10, 20] | out=results/artifacts_causal_lecture_theatre_rss_both_APs1,2,3 ===
[lecture_theatre] Using T_expected=60 scans/RP
[lecture_theatre] Using AP indices from coords: [1, 2, 3]
[INFO] Saved AP info for lecture_theatre to results/artifacts_causal_lecture_theatre_rss_both_APs1,2,3/ap_info_lecture_theatre.json
[lecture_theatre] Adding rolling stats for mode='rss' with windows=[5, 10, 20]
/work/lxr240011/conda_envs/WiMANS/lib/python3.10/site-packages/torch/nn/utils/weight_norm.py:28: UserWarning: torch.nn.utils.weight_norm is deprecated in favor of torch.nn.utils.parametrizations.weight_norm.
  warnings.warn("torch.nn.utils.weight_norm is deprecated in favor of torch.nn.utils.parametrizations.weight_norm.")

[ptflops] Input shape (T,N,F): [60, 3, 20]
[ptflops] Params: 90,894
[ptflops] MACs  : 7.47M
[ptflops] FLOPs : 14.94M  (≈ 2 × MACs)

[ptflops] Saved: results/artifacts_causal_lecture_theatre_rss_both_APs1,2,3/model_complexity_ptflops.txt
[EVAL] CAUSAL lecture_theatre | rss | both | epoch=0200 | RF-RMSE=2.296 m
[EVAL] CAUSAL lecture_theatre | rss | both | epoch=0400 | RF-RMSE=2.370 m
[EVAL] CAUSAL lecture_theatre | rss | both | epoch=0600 | RF-RMSE=2.245 m
[EVAL] CAUSAL lecture_theatre | rss | both | epoch=0800 | RF-RMSE=2.279 m
[EVAL] CAUSAL lecture_theatre | rss | both | epoch=1000 | RF-RMSE=2.335 m
[EVAL] CAUSAL lecture_theatre | rss | both | epoch=1200 | RF-RMSE=2.351 m
[EVAL] CAUSAL lecture_theatre | rss | both | epoch=1400 | RF-RMSE=2.492 m
[EVAL] CAUSAL lecture_theatre | rss | both | epoch=1500 | RF-RMSE=2.337 m

=== CAUSAL LECTURE_THEATRE | mode=RTT | model=BOTH | epochs=1500 | eval_every=200 | rolls=[5, 10, 20] | out=results/artifacts_causal_lecture_theatre_rtt_both_APs1,2,3 ===
[lecture_theatre] Using T_expected=60 scans/RP
[lecture_theatre] Using AP indices from coords: [1, 2, 3]
[INFO] Saved AP info for lecture_theatre to results/artifacts_causal_lecture_theatre_rtt_both_APs1,2,3/ap_info_lecture_theatre.json
[lecture_theatre] Adding rolling stats for mode='rtt' with windows=[5, 10, 20]
/work/lxr240011/conda_envs/WiMANS/lib/python3.10/site-packages/torch/nn/utils/weight_norm.py:28: UserWarning: torch.nn.utils.weight_norm is deprecated in favor of torch.nn.utils.parametrizations.weight_norm.
  warnings.warn("torch.nn.utils.weight_norm is deprecated in favor of torch.nn.utils.parametrizations.weight_norm.")

[ptflops] Input shape (T,N,F): [60, 3, 20]
[ptflops] Params: 90,894
[ptflops] MACs  : 7.47M
[ptflops] FLOPs : 14.94M  (≈ 2 × MACs)

[ptflops] Saved: results/artifacts_causal_lecture_theatre_rtt_both_APs1,2,3/model_complexity_ptflops.txt
[EVAL] CAUSAL lecture_theatre | rtt | both | epoch=0200 | RF-RMSE=1.752 m
[EVAL] CAUSAL lecture_theatre | rtt | both | epoch=0400 | RF-RMSE=1.795 m
[EVAL] CAUSAL lecture_theatre | rtt | both | epoch=0600 | RF-RMSE=1.885 m
[EVAL] CAUSAL lecture_theatre | rtt | both | epoch=0800 | RF-RMSE=1.884 m
[EVAL] CAUSAL lecture_theatre | rtt | both | epoch=1000 | RF-RMSE=1.972 m
[EVAL] CAUSAL lecture_theatre | rtt | both | epoch=1200 | RF-RMSE=1.913 m
[EVAL] CAUSAL lecture_theatre | rtt | both | epoch=1400 | RF-RMSE=1.871 m
[EVAL] CAUSAL lecture_theatre | rtt | both | epoch=1500 | RF-RMSE=1.929 m

=== CAUSAL LECTURE_THEATRE | mode=BOTH | model=BOTH | epochs=1500 | eval_every=200 | rolls=[5, 10, 20] | out=results/artifacts_causal_lecture_theatre_both_both_APs1,2,3 ===
[lecture_theatre] Using T_expected=60 scans/RP
[lecture_theatre] Using AP indices from coords: [1, 2, 3]
[INFO] Saved AP info for lecture_theatre to results/artifacts_causal_lecture_theatre_both_both_APs1,2,3/ap_info_lecture_theatre.json
[lecture_theatre] Adding rolling stats for mode='both' with windows=[5, 10, 20]
/work/lxr240011/conda_envs/WiMANS/lib/python3.10/site-packages/torch/nn/utils/weight_norm.py:28: UserWarning: torch.nn.utils.weight_norm is deprecated in favor of torch.nn.utils.parametrizations.weight_norm.
  warnings.warn("torch.nn.utils.weight_norm is deprecated in favor of torch.nn.utils.parametrizations.weight_norm.")

[ptflops] Input shape (T,N,F): [60, 3, 38]
[ptflops] Params: 93,774
[ptflops] MACs  : 7.99M
[ptflops] FLOPs : 15.98M  (≈ 2 × MACs)

[ptflops] Saved: results/artifacts_causal_lecture_theatre_both_both_APs1,2,3/model_complexity_ptflops.txt
[EVAL] CAUSAL lecture_theatre | both | both | epoch=0200 | RF-RMSE=0.979 m
[EVAL] CAUSAL lecture_theatre | both | both | epoch=0400 | RF-RMSE=0.893 m
[EVAL] CAUSAL lecture_theatre | both | both | epoch=0600 | RF-RMSE=1.409 m
[EVAL] CAUSAL lecture_theatre | both | both | epoch=0800 | RF-RMSE=1.356 m
[EVAL] CAUSAL lecture_theatre | both | both | epoch=1000 | RF-RMSE=1.318 m
[EVAL] CAUSAL lecture_theatre | both | both | epoch=1200 | RF-RMSE=1.407 m
[EVAL] CAUSAL lecture_theatre | both | both | epoch=1400 | RF-RMSE=1.367 m
[EVAL] CAUSAL lecture_theatre | both | both | epoch=1500 | RF-RMSE=1.364 m

--- LECTURE_THEATRE | Using APs=[1, 2, 3, 4] ---

=== CAUSAL LECTURE_THEATRE | mode=RSS | model=BOTH | epochs=1500 | eval_every=200 | rolls=[5, 10, 20] | out=results/artifacts_causal_lecture_theatre_rss_both_APs1,2,3,4 ===
[lecture_theatre] Using T_expected=60 scans/RP
[lecture_theatre] Using AP indices from coords: [1, 2, 3, 4]
[INFO] Saved AP info for lecture_theatre to results/artifacts_causal_lecture_theatre_rss_both_APs1,2,3,4/ap_info_lecture_theatre.json
[lecture_theatre] Adding rolling stats for mode='rss' with windows=[5, 10, 20]
/work/lxr240011/conda_envs/WiMANS/lib/python3.10/site-packages/torch/nn/utils/weight_norm.py:28: UserWarning: torch.nn.utils.weight_norm is deprecated in favor of torch.nn.utils.parametrizations.weight_norm.
  warnings.warn("torch.nn.utils.weight_norm is deprecated in favor of torch.nn.utils.parametrizations.weight_norm.")

[ptflops] Input shape (T,N,F): [60, 4, 20]
[ptflops] Params: 90,901
[ptflops] MACs  : 8.20M
[ptflops] FLOPs : 16.40M  (≈ 2 × MACs)

[ptflops] Saved: results/artifacts_causal_lecture_theatre_rss_both_APs1,2,3,4/model_complexity_ptflops.txt
[EVAL] CAUSAL lecture_theatre | rss | both | epoch=0200 | RF-RMSE=2.194 m
[EVAL] CAUSAL lecture_theatre | rss | both | epoch=0400 | RF-RMSE=2.659 m
[EVAL] CAUSAL lecture_theatre | rss | both | epoch=0600 | RF-RMSE=2.472 m
[EVAL] CAUSAL lecture_theatre | rss | both | epoch=0800 | RF-RMSE=2.568 m
[EVAL] CAUSAL lecture_theatre | rss | both | epoch=1000 | RF-RMSE=2.523 m
[EVAL] CAUSAL lecture_theatre | rss | both | epoch=1200 | RF-RMSE=2.578 m
[EVAL] CAUSAL lecture_theatre | rss | both | epoch=1400 | RF-RMSE=2.420 m
[EVAL] CAUSAL lecture_theatre | rss | both | epoch=1500 | RF-RMSE=2.542 m

=== CAUSAL LECTURE_THEATRE | mode=RTT | model=BOTH | epochs=1500 | eval_every=200 | rolls=[5, 10, 20] | out=results/artifacts_causal_lecture_theatre_rtt_both_APs1,2,3,4 ===
[lecture_theatre] Using T_expected=60 scans/RP
[lecture_theatre] Using AP indices from coords: [1, 2, 3, 4]
[INFO] Saved AP info for lecture_theatre to results/artifacts_causal_lecture_theatre_rtt_both_APs1,2,3,4/ap_info_lecture_theatre.json
[lecture_theatre] Adding rolling stats for mode='rtt' with windows=[5, 10, 20]
/work/lxr240011/conda_envs/WiMANS/lib/python3.10/site-packages/torch/nn/utils/weight_norm.py:28: UserWarning: torch.nn.utils.weight_norm is deprecated in favor of torch.nn.utils.parametrizations.weight_norm.
  warnings.warn("torch.nn.utils.weight_norm is deprecated in favor of torch.nn.utils.parametrizations.weight_norm.")

[ptflops] Input shape (T,N,F): [60, 4, 20]
[ptflops] Params: 90,901
[ptflops] MACs  : 8.20M
[ptflops] FLOPs : 16.40M  (≈ 2 × MACs)

[ptflops] Saved: results/artifacts_causal_lecture_theatre_rtt_both_APs1,2,3,4/model_complexity_ptflops.txt
[EVAL] CAUSAL lecture_theatre | rtt | both | epoch=0200 | RF-RMSE=0.486 m
[EVAL] CAUSAL lecture_theatre | rtt | both | epoch=0400 | RF-RMSE=0.437 m
[EVAL] CAUSAL lecture_theatre | rtt | both | epoch=0600 | RF-RMSE=0.413 m
[EVAL] CAUSAL lecture_theatre | rtt | both | epoch=0800 | RF-RMSE=0.434 m
[EVAL] CAUSAL lecture_theatre | rtt | both | epoch=1000 | RF-RMSE=0.434 m
[EVAL] CAUSAL lecture_theatre | rtt | both | epoch=1200 | RF-RMSE=0.404 m
[EVAL] CAUSAL lecture_theatre | rtt | both | epoch=1400 | RF-RMSE=0.418 m
[EVAL] CAUSAL lecture_theatre | rtt | both | epoch=1500 | RF-RMSE=0.436 m

=== CAUSAL LECTURE_THEATRE | mode=BOTH | model=BOTH | epochs=1500 | eval_every=200 | rolls=[5, 10, 20] | out=results/artifacts_causal_lecture_theatre_both_both_APs1,2,3,4 ===
[lecture_theatre] Using T_expected=60 scans/RP
[lecture_theatre] Using AP indices from coords: [1, 2, 3, 4]
[INFO] Saved AP info for lecture_theatre to results/artifacts_causal_lecture_theatre_both_both_APs1,2,3,4/ap_info_lecture_theatre.json
[lecture_theatre] Adding rolling stats for mode='both' with windows=[5, 10, 20]
/work/lxr240011/conda_envs/WiMANS/lib/python3.10/site-packages/torch/nn/utils/weight_norm.py:28: UserWarning: torch.nn.utils.weight_norm is deprecated in favor of torch.nn.utils.parametrizations.weight_norm.
  warnings.warn("torch.nn.utils.weight_norm is deprecated in favor of torch.nn.utils.parametrizations.weight_norm.")

[ptflops] Input shape (T,N,F): [60, 4, 38]
[ptflops] Params: 93,781
[ptflops] MACs  : 8.89M
[ptflops] FLOPs : 17.78M  (≈ 2 × MACs)

[ptflops] Saved: results/artifacts_causal_lecture_theatre_both_both_APs1,2,3,4/model_complexity_ptflops.txt
[EVAL] CAUSAL lecture_theatre | both | both | epoch=0200 | RF-RMSE=0.618 m
[EVAL] CAUSAL lecture_theatre | both | both | epoch=0400 | RF-RMSE=0.748 m
[EVAL] CAUSAL lecture_theatre | both | both | epoch=0600 | RF-RMSE=0.456 m
[EVAL] CAUSAL lecture_theatre | both | both | epoch=0800 | RF-RMSE=0.655 m
[EVAL] CAUSAL lecture_theatre | both | both | epoch=1000 | RF-RMSE=0.487 m
[EVAL] CAUSAL lecture_theatre | both | both | epoch=1200 | RF-RMSE=0.460 m
[EVAL] CAUSAL lecture_theatre | both | both | epoch=1400 | RF-RMSE=0.484 m
[EVAL] CAUSAL lecture_theatre | both | both | epoch=1500 | RF-RMSE=0.480 m

--- LECTURE_THEATRE | Using APs=[1, 2, 3, 4, 5] ---

=== CAUSAL LECTURE_THEATRE | mode=RSS | model=BOTH | epochs=1500 | eval_every=200 | rolls=[5, 10, 20] | out=results/artifacts_causal_lecture_theatre_rss_both_APs1,2,3,4,5 ===
[lecture_theatre] Using T_expected=60 scans/RP
[lecture_theatre] Using AP indices from coords: [1, 2, 3, 4, 5]
[INFO] Saved AP info for lecture_theatre to results/artifacts_causal_lecture_theatre_rss_both_APs1,2,3,4,5/ap_info_lecture_theatre.json
[lecture_theatre] Adding rolling stats for mode='rss' with windows=[5, 10, 20]
/work/lxr240011/conda_envs/WiMANS/lib/python3.10/site-packages/torch/nn/utils/weight_norm.py:28: UserWarning: torch.nn.utils.weight_norm is deprecated in favor of torch.nn.utils.parametrizations.weight_norm.
  warnings.warn("torch.nn.utils.weight_norm is deprecated in favor of torch.nn.utils.parametrizations.weight_norm.")

[ptflops] Input shape (T,N,F): [60, 5, 20]
[ptflops] Params: 90,910
[ptflops] MACs  : 8.93M
[ptflops] FLOPs : 17.86M  (≈ 2 × MACs)

[ptflops] Saved: results/artifacts_causal_lecture_theatre_rss_both_APs1,2,3,4,5/model_complexity_ptflops.txt
[EVAL] CAUSAL lecture_theatre | rss | both | epoch=0200 | RF-RMSE=2.219 m
[EVAL] CAUSAL lecture_theatre | rss | both | epoch=0400 | RF-RMSE=2.302 m
[EVAL] CAUSAL lecture_theatre | rss | both | epoch=0600 | RF-RMSE=2.101 m
[EVAL] CAUSAL lecture_theatre | rss | both | epoch=0800 | RF-RMSE=2.055 m
[EVAL] CAUSAL lecture_theatre | rss | both | epoch=1000 | RF-RMSE=1.956 m
[EVAL] CAUSAL lecture_theatre | rss | both | epoch=1200 | RF-RMSE=2.013 m
[EVAL] CAUSAL lecture_theatre | rss | both | epoch=1400 | RF-RMSE=2.099 m
[EVAL] CAUSAL lecture_theatre | rss | both | epoch=1500 | RF-RMSE=2.170 m

=== CAUSAL LECTURE_THEATRE | mode=RTT | model=BOTH | epochs=1500 | eval_every=200 | rolls=[5, 10, 20] | out=results/artifacts_causal_lecture_theatre_rtt_both_APs1,2,3,4,5 ===
[lecture_theatre] Using T_expected=60 scans/RP
[lecture_theatre] Using AP indices from coords: [1, 2, 3, 4, 5]
[INFO] Saved AP info for lecture_theatre to results/artifacts_causal_lecture_theatre_rtt_both_APs1,2,3,4,5/ap_info_lecture_theatre.json
[lecture_theatre] Adding rolling stats for mode='rtt' with windows=[5, 10, 20]
/work/lxr240011/conda_envs/WiMANS/lib/python3.10/site-packages/torch/nn/utils/weight_norm.py:28: UserWarning: torch.nn.utils.weight_norm is deprecated in favor of torch.nn.utils.parametrizations.weight_norm.
  warnings.warn("torch.nn.utils.weight_norm is deprecated in favor of torch.nn.utils.parametrizations.weight_norm.")

[ptflops] Input shape (T,N,F): [60, 5, 20]
[ptflops] Params: 90,910
[ptflops] MACs  : 8.93M
[ptflops] FLOPs : 17.86M  (≈ 2 × MACs)

[ptflops] Saved: results/artifacts_causal_lecture_theatre_rtt_both_APs1,2,3,4,5/model_complexity_ptflops.txt
[EVAL] CAUSAL lecture_theatre | rtt | both | epoch=0200 | RF-RMSE=0.525 m
[EVAL] CAUSAL lecture_theatre | rtt | both | epoch=0400 | RF-RMSE=0.478 m
[EVAL] CAUSAL lecture_theatre | rtt | both | epoch=0600 | RF-RMSE=0.452 m
[EVAL] CAUSAL lecture_theatre | rtt | both | epoch=0800 | RF-RMSE=0.480 m
[EVAL] CAUSAL lecture_theatre | rtt | both | epoch=1000 | RF-RMSE=0.483 m
[EVAL] CAUSAL lecture_theatre | rtt | both | epoch=1200 | RF-RMSE=0.458 m
[EVAL] CAUSAL lecture_theatre | rtt | both | epoch=1400 | RF-RMSE=0.440 m
[EVAL] CAUSAL lecture_theatre | rtt | both | epoch=1500 | RF-RMSE=0.449 m

=== CAUSAL LECTURE_THEATRE | mode=BOTH | model=BOTH | epochs=1500 | eval_every=200 | rolls=[5, 10, 20] | out=results/artifacts_causal_lecture_theatre_both_both_APs1,2,3,4,5 ===
[lecture_theatre] Using T_expected=60 scans/RP
[lecture_theatre] Using AP indices from coords: [1, 2, 3, 4, 5]
[INFO] Saved AP info for lecture_theatre to results/artifacts_causal_lecture_theatre_both_both_APs1,2,3,4,5/ap_info_lecture_theatre.json
[lecture_theatre] Adding rolling stats for mode='both' with windows=[5, 10, 20]
/work/lxr240011/conda_envs/WiMANS/lib/python3.10/site-packages/torch/nn/utils/weight_norm.py:28: UserWarning: torch.nn.utils.weight_norm is deprecated in favor of torch.nn.utils.parametrizations.weight_norm.
  warnings.warn("torch.nn.utils.weight_norm is deprecated in favor of torch.nn.utils.parametrizations.weight_norm.")

[ptflops] Input shape (T,N,F): [60, 5, 38]
[ptflops] Params: 93,790
[ptflops] MACs  : 9.79M
[ptflops] FLOPs : 19.59M  (≈ 2 × MACs)

[ptflops] Saved: results/artifacts_causal_lecture_theatre_both_both_APs1,2,3,4,5/model_complexity_ptflops.txt
[EVAL] CAUSAL lecture_theatre | both | both | epoch=0200 | RF-RMSE=0.694 m
[EVAL] CAUSAL lecture_theatre | both | both | epoch=0400 | RF-RMSE=0.520 m
[EVAL] CAUSAL lecture_theatre | both | both | epoch=0600 | RF-RMSE=0.478 m
[EVAL] CAUSAL lecture_theatre | both | both | epoch=0800 | RF-RMSE=0.603 m
[EVAL] CAUSAL lecture_theatre | both | both | epoch=1000 | RF-RMSE=0.505 m
[EVAL] CAUSAL lecture_theatre | both | both | epoch=1200 | RF-RMSE=0.511 m
[EVAL] CAUSAL lecture_theatre | both | both | epoch=1400 | RF-RMSE=0.517 m
[EVAL] CAUSAL lecture_theatre | both | both | epoch=1500 | RF-RMSE=0.501 m

=== CUSTOM AP DENSITY: OFFICE ===

--- OFFICE | Using APs=[1, 2, 3] ---

=== CAUSAL OFFICE | mode=RSS | model=BOTH | epochs=1500 | eval_every=200 | rolls=[5, 10, 20] | out=results/artifacts_causal_office_rss_both_APs1,2,3 ===
[office] Using T_expected=60 scans/RP
[office] Using AP indices from coords: [1, 2, 3]
[INFO] Saved AP info for office to results/artifacts_causal_office_rss_both_APs1,2,3/ap_info_office.json
[office] Adding rolling stats for mode='rss' with windows=[5, 10, 20]
/work/lxr240011/conda_envs/WiMANS/lib/python3.10/site-packages/torch/nn/utils/weight_norm.py:28: UserWarning: torch.nn.utils.weight_norm is deprecated in favor of torch.nn.utils.parametrizations.weight_norm.
  warnings.warn("torch.nn.utils.weight_norm is deprecated in favor of torch.nn.utils.parametrizations.weight_norm.")

[ptflops] Input shape (T,N,F): [60, 3, 20]
[ptflops] Params: 90,894
[ptflops] MACs  : 7.47M
[ptflops] FLOPs : 14.94M  (≈ 2 × MACs)

[ptflops] Saved: results/artifacts_causal_office_rss_both_APs1,2,3/model_complexity_ptflops.txt
[EVAL] CAUSAL office | rss | both | epoch=0200 | RF-RMSE=1.651 m
[EVAL] CAUSAL office | rss | both | epoch=0400 | RF-RMSE=1.525 m
[EVAL] CAUSAL office | rss | both | epoch=0600 | RF-RMSE=1.467 m
[EVAL] CAUSAL office | rss | both | epoch=0800 | RF-RMSE=1.535 m
[EVAL] CAUSAL office | rss | both | epoch=1000 | RF-RMSE=1.555 m
[EVAL] CAUSAL office | rss | both | epoch=1200 | RF-RMSE=1.610 m
[EVAL] CAUSAL office | rss | both | epoch=1400 | RF-RMSE=1.569 m
[EVAL] CAUSAL office | rss | both | epoch=1500 | RF-RMSE=1.612 m

=== CAUSAL OFFICE | mode=RTT | model=BOTH | epochs=1500 | eval_every=200 | rolls=[5, 10, 20] | out=results/artifacts_causal_office_rtt_both_APs1,2,3 ===
[office] Using T_expected=60 scans/RP
[office] Using AP indices from coords: [1, 2, 3]
[INFO] Saved AP info for office to results/artifacts_causal_office_rtt_both_APs1,2,3/ap_info_office.json
[office] Adding rolling stats for mode='rtt' with windows=[5, 10, 20]
/work/lxr240011/conda_envs/WiMANS/lib/python3.10/site-packages/torch/nn/utils/weight_norm.py:28: UserWarning: torch.nn.utils.weight_norm is deprecated in favor of torch.nn.utils.parametrizations.weight_norm.
  warnings.warn("torch.nn.utils.weight_norm is deprecated in favor of torch.nn.utils.parametrizations.weight_norm.")

[ptflops] Input shape (T,N,F): [60, 3, 20]
[ptflops] Params: 90,894
[ptflops] MACs  : 7.47M
[ptflops] FLOPs : 14.94M  (≈ 2 × MACs)

[ptflops] Saved: results/artifacts_causal_office_rtt_both_APs1,2,3/model_complexity_ptflops.txt
[EVAL] CAUSAL office | rtt | both | epoch=0200 | RF-RMSE=0.733 m
[EVAL] CAUSAL office | rtt | both | epoch=0400 | RF-RMSE=0.737 m
[EVAL] CAUSAL office | rtt | both | epoch=0600 | RF-RMSE=0.711 m
[EVAL] CAUSAL office | rtt | both | epoch=0800 | RF-RMSE=0.709 m
[EVAL] CAUSAL office | rtt | both | epoch=1000 | RF-RMSE=0.707 m
[EVAL] CAUSAL office | rtt | both | epoch=1200 | RF-RMSE=0.690 m
[EVAL] CAUSAL office | rtt | both | epoch=1400 | RF-RMSE=0.701 m
[EVAL] CAUSAL office | rtt | both | epoch=1500 | RF-RMSE=0.701 m

=== CAUSAL OFFICE | mode=BOTH | model=BOTH | epochs=1500 | eval_every=200 | rolls=[5, 10, 20] | out=results/artifacts_causal_office_both_both_APs1,2,3 ===
[office] Using T_expected=60 scans/RP
[office] Using AP indices from coords: [1, 2, 3]
[INFO] Saved AP info for office to results/artifacts_causal_office_both_both_APs1,2,3/ap_info_office.json
[office] Adding rolling stats for mode='both' with windows=[5, 10, 20]
/work/lxr240011/conda_envs/WiMANS/lib/python3.10/site-packages/torch/nn/utils/weight_norm.py:28: UserWarning: torch.nn.utils.weight_norm is deprecated in favor of torch.nn.utils.parametrizations.weight_norm.
  warnings.warn("torch.nn.utils.weight_norm is deprecated in favor of torch.nn.utils.parametrizations.weight_norm.")

[ptflops] Input shape (T,N,F): [60, 3, 38]
[ptflops] Params: 93,774
[ptflops] MACs  : 7.99M
[ptflops] FLOPs : 15.98M  (≈ 2 × MACs)

[ptflops] Saved: results/artifacts_causal_office_both_both_APs1,2,3/model_complexity_ptflops.txt
[EVAL] CAUSAL office | both | both | epoch=0200 | RF-RMSE=1.090 m
[EVAL] CAUSAL office | both | both | epoch=0400 | RF-RMSE=0.921 m
[EVAL] CAUSAL office | both | both | epoch=0600 | RF-RMSE=0.881 m
[EVAL] CAUSAL office | both | both | epoch=0800 | RF-RMSE=0.875 m
[EVAL] CAUSAL office | both | both | epoch=1000 | RF-RMSE=0.850 m
[EVAL] CAUSAL office | both | both | epoch=1200 | RF-RMSE=0.811 m
[EVAL] CAUSAL office | both | both | epoch=1400 | RF-RMSE=0.818 m
[EVAL] CAUSAL office | both | both | epoch=1500 | RF-RMSE=0.829 m

--- OFFICE | Using APs=[1, 2, 3, 4] ---

=== CAUSAL OFFICE | mode=RSS | model=BOTH | epochs=1500 | eval_every=200 | rolls=[5, 10, 20] | out=results/artifacts_causal_office_rss_both_APs1,2,3,4 ===
[office] Using T_expected=60 scans/RP
[office] Using AP indices from coords: [1, 2, 3, 4]
[INFO] Saved AP info for office to results/artifacts_causal_office_rss_both_APs1,2,3,4/ap_info_office.json
[office] Adding rolling stats for mode='rss' with windows=[5, 10, 20]
/work/lxr240011/conda_envs/WiMANS/lib/python3.10/site-packages/torch/nn/utils/weight_norm.py:28: UserWarning: torch.nn.utils.weight_norm is deprecated in favor of torch.nn.utils.parametrizations.weight_norm.
  warnings.warn("torch.nn.utils.weight_norm is deprecated in favor of torch.nn.utils.parametrizations.weight_norm.")

[ptflops] Input shape (T,N,F): [60, 4, 20]
[ptflops] Params: 90,901
[ptflops] MACs  : 8.20M
[ptflops] FLOPs : 16.40M  (≈ 2 × MACs)

[ptflops] Saved: results/artifacts_causal_office_rss_both_APs1,2,3,4/model_complexity_ptflops.txt
[EVAL] CAUSAL office | rss | both | epoch=0200 | RF-RMSE=2.045 m
[EVAL] CAUSAL office | rss | both | epoch=0400 | RF-RMSE=1.500 m
[EVAL] CAUSAL office | rss | both | epoch=0600 | RF-RMSE=1.400 m
[EVAL] CAUSAL office | rss | both | epoch=0800 | RF-RMSE=1.545 m
[EVAL] CAUSAL office | rss | both | epoch=1000 | RF-RMSE=1.462 m
[EVAL] CAUSAL office | rss | both | epoch=1200 | RF-RMSE=1.569 m
[EVAL] CAUSAL office | rss | both | epoch=1400 | RF-RMSE=1.429 m
[EVAL] CAUSAL office | rss | both | epoch=1500 | RF-RMSE=1.417 m

=== CAUSAL OFFICE | mode=RTT | model=BOTH | epochs=1500 | eval_every=200 | rolls=[5, 10, 20] | out=results/artifacts_causal_office_rtt_both_APs1,2,3,4 ===
[office] Using T_expected=60 scans/RP
[office] Using AP indices from coords: [1, 2, 3, 4]
[INFO] Saved AP info for office to results/artifacts_causal_office_rtt_both_APs1,2,3,4/ap_info_office.json
[office] Adding rolling stats for mode='rtt' with windows=[5, 10, 20]
/work/lxr240011/conda_envs/WiMANS/lib/python3.10/site-packages/torch/nn/utils/weight_norm.py:28: UserWarning: torch.nn.utils.weight_norm is deprecated in favor of torch.nn.utils.parametrizations.weight_norm.
  warnings.warn("torch.nn.utils.weight_norm is deprecated in favor of torch.nn.utils.parametrizations.weight_norm.")

[ptflops] Input shape (T,N,F): [60, 4, 20]
[ptflops] Params: 90,901
[ptflops] MACs  : 8.20M
[ptflops] FLOPs : 16.40M  (≈ 2 × MACs)

[ptflops] Saved: results/artifacts_causal_office_rtt_both_APs1,2,3,4/model_complexity_ptflops.txt
[EVAL] CAUSAL office | rtt | both | epoch=0200 | RF-RMSE=0.691 m
[EVAL] CAUSAL office | rtt | both | epoch=0400 | RF-RMSE=0.675 m
[EVAL] CAUSAL office | rtt | both | epoch=0600 | RF-RMSE=0.675 m
[EVAL] CAUSAL office | rtt | both | epoch=0800 | RF-RMSE=0.668 m
[EVAL] CAUSAL office | rtt | both | epoch=1000 | RF-RMSE=0.701 m
[EVAL] CAUSAL office | rtt | both | epoch=1200 | RF-RMSE=0.730 m
[EVAL] CAUSAL office | rtt | both | epoch=1400 | RF-RMSE=0.717 m
[EVAL] CAUSAL office | rtt | both | epoch=1500 | RF-RMSE=0.713 m

=== CAUSAL OFFICE | mode=BOTH | model=BOTH | epochs=1500 | eval_every=200 | rolls=[5, 10, 20] | out=results/artifacts_causal_office_both_both_APs1,2,3,4 ===
[office] Using T_expected=60 scans/RP
[office] Using AP indices from coords: [1, 2, 3, 4]
[INFO] Saved AP info for office to results/artifacts_causal_office_both_both_APs1,2,3,4/ap_info_office.json
[office] Adding rolling stats for mode='both' with windows=[5, 10, 20]
/work/lxr240011/conda_envs/WiMANS/lib/python3.10/site-packages/torch/nn/utils/weight_norm.py:28: UserWarning: torch.nn.utils.weight_norm is deprecated in favor of torch.nn.utils.parametrizations.weight_norm.
  warnings.warn("torch.nn.utils.weight_norm is deprecated in favor of torch.nn.utils.parametrizations.weight_norm.")

[ptflops] Input shape (T,N,F): [60, 4, 38]
[ptflops] Params: 93,781
[ptflops] MACs  : 8.89M
[ptflops] FLOPs : 17.78M  (≈ 2 × MACs)

[ptflops] Saved: results/artifacts_causal_office_both_both_APs1,2,3,4/model_complexity_ptflops.txt
[EVAL] CAUSAL office | both | both | epoch=0200 | RF-RMSE=0.976 m
[EVAL] CAUSAL office | both | both | epoch=0400 | RF-RMSE=0.751 m
[EVAL] CAUSAL office | both | both | epoch=0600 | RF-RMSE=0.646 m
[EVAL] CAUSAL office | both | both | epoch=0800 | RF-RMSE=0.676 m
[EVAL] CAUSAL office | both | both | epoch=1000 | RF-RMSE=0.647 m
[EVAL] CAUSAL office | both | both | epoch=1200 | RF-RMSE=0.683 m
[EVAL] CAUSAL office | both | both | epoch=1400 | RF-RMSE=0.623 m
[EVAL] CAUSAL office | both | both | epoch=1500 | RF-RMSE=0.687 m

--- OFFICE | Using APs=[1, 2, 3, 4, 5] ---

=== CAUSAL OFFICE | mode=RSS | model=BOTH | epochs=1500 | eval_every=200 | rolls=[5, 10, 20] | out=results/artifacts_causal_office_rss_both_APs1,2,3,4,5 ===
[office] Using T_expected=60 scans/RP
[office] Using AP indices from coords: [1, 2, 3, 4, 5]
[INFO] Saved AP info for office to results/artifacts_causal_office_rss_both_APs1,2,3,4,5/ap_info_office.json
[office] Adding rolling stats for mode='rss' with windows=[5, 10, 20]
/work/lxr240011/conda_envs/WiMANS/lib/python3.10/site-packages/torch/nn/utils/weight_norm.py:28: UserWarning: torch.nn.utils.weight_norm is deprecated in favor of torch.nn.utils.parametrizations.weight_norm.
  warnings.warn("torch.nn.utils.weight_norm is deprecated in favor of torch.nn.utils.parametrizations.weight_norm.")

[ptflops] Input shape (T,N,F): [60, 5, 20]
[ptflops] Params: 90,910
[ptflops] MACs  : 8.93M
[ptflops] FLOPs : 17.86M  (≈ 2 × MACs)

[ptflops] Saved: results/artifacts_causal_office_rss_both_APs1,2,3,4,5/model_complexity_ptflops.txt
[EVAL] CAUSAL office | rss | both | epoch=0200 | RF-RMSE=1.596 m
[EVAL] CAUSAL office | rss | both | epoch=0400 | RF-RMSE=1.252 m
[EVAL] CAUSAL office | rss | both | epoch=0600 | RF-RMSE=1.431 m
[EVAL] CAUSAL office | rss | both | epoch=0800 | RF-RMSE=1.304 m
[EVAL] CAUSAL office | rss | both | epoch=1000 | RF-RMSE=1.229 m
[EVAL] CAUSAL office | rss | both | epoch=1200 | RF-RMSE=1.417 m
[EVAL] CAUSAL office | rss | both | epoch=1400 | RF-RMSE=1.136 m
[EVAL] CAUSAL office | rss | both | epoch=1500 | RF-RMSE=1.203 m

=== CAUSAL OFFICE | mode=RTT | model=BOTH | epochs=1500 | eval_every=200 | rolls=[5, 10, 20] | out=results/artifacts_causal_office_rtt_both_APs1,2,3,4,5 ===
[office] Using T_expected=60 scans/RP
[office] Using AP indices from coords: [1, 2, 3, 4, 5]
[INFO] Saved AP info for office to results/artifacts_causal_office_rtt_both_APs1,2,3,4,5/ap_info_office.json
[office] Adding rolling stats for mode='rtt' with windows=[5, 10, 20]
/work/lxr240011/conda_envs/WiMANS/lib/python3.10/site-packages/torch/nn/utils/weight_norm.py:28: UserWarning: torch.nn.utils.weight_norm is deprecated in favor of torch.nn.utils.parametrizations.weight_norm.
  warnings.warn("torch.nn.utils.weight_norm is deprecated in favor of torch.nn.utils.parametrizations.weight_norm.")

[ptflops] Input shape (T,N,F): [60, 5, 20]
[ptflops] Params: 90,910
[ptflops] MACs  : 8.93M
[ptflops] FLOPs : 17.86M  (≈ 2 × MACs)

[ptflops] Saved: results/artifacts_causal_office_rtt_both_APs1,2,3,4,5/model_complexity_ptflops.txt
[EVAL] CAUSAL office | rtt | both | epoch=0200 | RF-RMSE=0.694 m
[EVAL] CAUSAL office | rtt | both | epoch=0400 | RF-RMSE=0.678 m
[EVAL] CAUSAL office | rtt | both | epoch=0600 | RF-RMSE=0.718 m
[EVAL] CAUSAL office | rtt | both | epoch=0800 | RF-RMSE=0.661 m
[EVAL] CAUSAL office | rtt | both | epoch=1000 | RF-RMSE=0.690 m
[EVAL] CAUSAL office | rtt | both | epoch=1200 | RF-RMSE=0.642 m
[EVAL] CAUSAL office | rtt | both | epoch=1400 | RF-RMSE=0.638 m
[EVAL] CAUSAL office | rtt | both | epoch=1500 | RF-RMSE=0.649 m

=== CAUSAL OFFICE | mode=BOTH | model=BOTH | epochs=1500 | eval_every=200 | rolls=[5, 10, 20] | out=results/artifacts_causal_office_both_both_APs1,2,3,4,5 ===
[office] Using T_expected=60 scans/RP
[office] Using AP indices from coords: [1, 2, 3, 4, 5]
[INFO] Saved AP info for office to results/artifacts_causal_office_both_both_APs1,2,3,4,5/ap_info_office.json
[office] Adding rolling stats for mode='both' with windows=[5, 10, 20]
/work/lxr240011/conda_envs/WiMANS/lib/python3.10/site-packages/torch/nn/utils/weight_norm.py:28: UserWarning: torch.nn.utils.weight_norm is deprecated in favor of torch.nn.utils.parametrizations.weight_norm.
  warnings.warn("torch.nn.utils.weight_norm is deprecated in favor of torch.nn.utils.parametrizations.weight_norm.")

[ptflops] Input shape (T,N,F): [60, 5, 38]
[ptflops] Params: 93,790
[ptflops] MACs  : 9.79M
[ptflops] FLOPs : 19.59M  (≈ 2 × MACs)

[ptflops] Saved: results/artifacts_causal_office_both_both_APs1,2,3,4,5/model_complexity_ptflops.txt
[EVAL] CAUSAL office | both | both | epoch=0200 | RF-RMSE=0.980 m
[EVAL] CAUSAL office | both | both | epoch=0400 | RF-RMSE=0.618 m
[EVAL] CAUSAL office | both | both | epoch=0600 | RF-RMSE=0.576 m
[EVAL] CAUSAL office | both | both | epoch=0800 | RF-RMSE=0.577 m
[EVAL] CAUSAL office | both | both | epoch=1000 | RF-RMSE=0.634 m
[EVAL] CAUSAL office | both | both | epoch=1200 | RF-RMSE=0.575 m
[EVAL] CAUSAL office | both | both | epoch=1400 | RF-RMSE=0.559 m
[EVAL] CAUSAL office | both | both | epoch=1500 | RF-RMSE=0.560 m

=== CUSTOM AP DENSITY: CORRIDOR ===

--- CORRIDOR | Using APs=[2, 3, 4] ---

=== CAUSAL CORRIDOR | mode=RSS | model=BOTH | epochs=1500 | eval_every=200 | rolls=[5, 10, 20] | out=results/artifacts_causal_corridor_rss_both_APs2,3,4 ===
[corridor] Using T_expected=60 scans/RP
[corridor] Using AP indices from coords: [2, 3, 4]
[INFO] Saved AP info for corridor to results/artifacts_causal_corridor_rss_both_APs2,3,4/ap_info_corridor.json
[corridor] Adding rolling stats for mode='rss' with windows=[5, 10, 20]
/work/lxr240011/conda_envs/WiMANS/lib/python3.10/site-packages/torch/nn/utils/weight_norm.py:28: UserWarning: torch.nn.utils.weight_norm is deprecated in favor of torch.nn.utils.parametrizations.weight_norm.
  warnings.warn("torch.nn.utils.weight_norm is deprecated in favor of torch.nn.utils.parametrizations.weight_norm.")

[ptflops] Input shape (T,N,F): [60, 3, 20]
[ptflops] Params: 90,894
[ptflops] MACs  : 7.47M
[ptflops] FLOPs : 14.94M  (≈ 2 × MACs)

[ptflops] Saved: results/artifacts_causal_corridor_rss_both_APs2,3,4/model_complexity_ptflops.txt
[EVAL] CAUSAL corridor | rss | both | epoch=0200 | RF-RMSE=2.845 m
[EVAL] CAUSAL corridor | rss | both | epoch=0400 | RF-RMSE=2.152 m
[EVAL] CAUSAL corridor | rss | both | epoch=0600 | RF-RMSE=2.333 m
[EVAL] CAUSAL corridor | rss | both | epoch=0800 | RF-RMSE=2.006 m
[EVAL] CAUSAL corridor | rss | both | epoch=1000 | RF-RMSE=2.469 m
[EVAL] CAUSAL corridor | rss | both | epoch=1200 | RF-RMSE=1.722 m
[EVAL] CAUSAL corridor | rss | both | epoch=1400 | RF-RMSE=1.755 m
[EVAL] CAUSAL corridor | rss | both | epoch=1500 | RF-RMSE=1.749 m

=== CAUSAL CORRIDOR | mode=RTT | model=BOTH | epochs=1500 | eval_every=200 | rolls=[5, 10, 20] | out=results/artifacts_causal_corridor_rtt_both_APs2,3,4 ===
[corridor] Using T_expected=60 scans/RP
[corridor] Using AP indices from coords: [2, 3, 4]
[INFO] Saved AP info for corridor to results/artifacts_causal_corridor_rtt_both_APs2,3,4/ap_info_corridor.json
[corridor] Adding rolling stats for mode='rtt' with windows=[5, 10, 20]
/work/lxr240011/conda_envs/WiMANS/lib/python3.10/site-packages/torch/nn/utils/weight_norm.py:28: UserWarning: torch.nn.utils.weight_norm is deprecated in favor of torch.nn.utils.parametrizations.weight_norm.
  warnings.warn("torch.nn.utils.weight_norm is deprecated in favor of torch.nn.utils.parametrizations.weight_norm.")

[ptflops] Input shape (T,N,F): [60, 3, 20]
[ptflops] Params: 90,894
[ptflops] MACs  : 7.47M
[ptflops] FLOPs : 14.94M  (≈ 2 × MACs)

[ptflops] Saved: results/artifacts_causal_corridor_rtt_both_APs2,3,4/model_complexity_ptflops.txt
[EVAL] CAUSAL corridor | rtt | both | epoch=0200 | RF-RMSE=0.602 m
[EVAL] CAUSAL corridor | rtt | both | epoch=0400 | RF-RMSE=0.652 m
[EVAL] CAUSAL corridor | rtt | both | epoch=0600 | RF-RMSE=0.547 m
[EVAL] CAUSAL corridor | rtt | both | epoch=0800 | RF-RMSE=0.576 m
[EVAL] CAUSAL corridor | rtt | both | epoch=1000 | RF-RMSE=0.549 m
[EVAL] CAUSAL corridor | rtt | both | epoch=1200 | RF-RMSE=0.560 m
[EVAL] CAUSAL corridor | rtt | both | epoch=1400 | RF-RMSE=0.553 m
[EVAL] CAUSAL corridor | rtt | both | epoch=1500 | RF-RMSE=0.553 m

=== CAUSAL CORRIDOR | mode=BOTH | model=BOTH | epochs=1500 | eval_every=200 | rolls=[5, 10, 20] | out=results/artifacts_causal_corridor_both_both_APs2,3,4 ===
[corridor] Using T_expected=60 scans/RP
[corridor] Using AP indices from coords: [2, 3, 4]
[INFO] Saved AP info for corridor to results/artifacts_causal_corridor_both_both_APs2,3,4/ap_info_corridor.json
[corridor] Adding rolling stats for mode='both' with windows=[5, 10, 20]
/work/lxr240011/conda_envs/WiMANS/lib/python3.10/site-packages/torch/nn/utils/weight_norm.py:28: UserWarning: torch.nn.utils.weight_norm is deprecated in favor of torch.nn.utils.parametrizations.weight_norm.
  warnings.warn("torch.nn.utils.weight_norm is deprecated in favor of torch.nn.utils.parametrizations.weight_norm.")

[ptflops] Input shape (T,N,F): [60, 3, 38]
[ptflops] Params: 93,774
[ptflops] MACs  : 7.99M
[ptflops] FLOPs : 15.98M  (≈ 2 × MACs)

[ptflops] Saved: results/artifacts_causal_corridor_both_both_APs2,3,4/model_complexity_ptflops.txt
[EVAL] CAUSAL corridor | both | both | epoch=0200 | RF-RMSE=1.095 m
[EVAL] CAUSAL corridor | both | both | epoch=0400 | RF-RMSE=0.597 m
[EVAL] CAUSAL corridor | both | both | epoch=0600 | RF-RMSE=0.572 m
[EVAL] CAUSAL corridor | both | both | epoch=0800 | RF-RMSE=0.655 m
[EVAL] CAUSAL corridor | both | both | epoch=1000 | RF-RMSE=0.580 m
[EVAL] CAUSAL corridor | both | both | epoch=1200 | RF-RMSE=0.641 m
[EVAL] CAUSAL corridor | both | both | epoch=1400 | RF-RMSE=0.672 m
[EVAL] CAUSAL corridor | both | both | epoch=1500 | RF-RMSE=0.631 m

--- CORRIDOR | Using APs=[2, 3, 4, 5] ---

=== CAUSAL CORRIDOR | mode=RSS | model=BOTH | epochs=1500 | eval_every=200 | rolls=[5, 10, 20] | out=results/artifacts_causal_corridor_rss_both_APs2,3,4,5 ===
[corridor] Using T_expected=60 scans/RP
[corridor] Using AP indices from coords: [2, 3, 4, 5]
[INFO] Saved AP info for corridor to results/artifacts_causal_corridor_rss_both_APs2,3,4,5/ap_info_corridor.json
[corridor] Adding rolling stats for mode='rss' with windows=[5, 10, 20]
/work/lxr240011/conda_envs/WiMANS/lib/python3.10/site-packages/torch/nn/utils/weight_norm.py:28: UserWarning: torch.nn.utils.weight_norm is deprecated in favor of torch.nn.utils.parametrizations.weight_norm.
  warnings.warn("torch.nn.utils.weight_norm is deprecated in favor of torch.nn.utils.parametrizations.weight_norm.")

[ptflops] Input shape (T,N,F): [60, 4, 20]
[ptflops] Params: 90,901
[ptflops] MACs  : 8.20M
[ptflops] FLOPs : 16.40M  (≈ 2 × MACs)

[ptflops] Saved: results/artifacts_causal_corridor_rss_both_APs2,3,4,5/model_complexity_ptflops.txt
[EVAL] CAUSAL corridor | rss | both | epoch=0200 | RF-RMSE=5.272 m
[EVAL] CAUSAL corridor | rss | both | epoch=0400 | RF-RMSE=3.051 m
[EVAL] CAUSAL corridor | rss | both | epoch=0600 | RF-RMSE=1.462 m
[EVAL] CAUSAL corridor | rss | both | epoch=0800 | RF-RMSE=1.803 m
[EVAL] CAUSAL corridor | rss | both | epoch=1000 | RF-RMSE=1.163 m
[EVAL] CAUSAL corridor | rss | both | epoch=1200 | RF-RMSE=1.280 m
[EVAL] CAUSAL corridor | rss | both | epoch=1400 | RF-RMSE=1.311 m
[EVAL] CAUSAL corridor | rss | both | epoch=1500 | RF-RMSE=1.230 m

=== CAUSAL CORRIDOR | mode=RTT | model=BOTH | epochs=1500 | eval_every=200 | rolls=[5, 10, 20] | out=results/artifacts_causal_corridor_rtt_both_APs2,3,4,5 ===
[corridor] Using T_expected=60 scans/RP
[corridor] Using AP indices from coords: [2, 3, 4, 5]
[INFO] Saved AP info for corridor to results/artifacts_causal_corridor_rtt_both_APs2,3,4,5/ap_info_corridor.json
[corridor] Adding rolling stats for mode='rtt' with windows=[5, 10, 20]
/work/lxr240011/conda_envs/WiMANS/lib/python3.10/site-packages/torch/nn/utils/weight_norm.py:28: UserWarning: torch.nn.utils.weight_norm is deprecated in favor of torch.nn.utils.parametrizations.weight_norm.
  warnings.warn("torch.nn.utils.weight_norm is deprecated in favor of torch.nn.utils.parametrizations.weight_norm.")

[ptflops] Input shape (T,N,F): [60, 4, 20]
[ptflops] Params: 90,901
[ptflops] MACs  : 8.20M
[ptflops] FLOPs : 16.40M  (≈ 2 × MACs)

[ptflops] Saved: results/artifacts_causal_corridor_rtt_both_APs2,3,4,5/model_complexity_ptflops.txt
[EVAL] CAUSAL corridor | rtt | both | epoch=0200 | RF-RMSE=0.900 m
[EVAL] CAUSAL corridor | rtt | both | epoch=0400 | RF-RMSE=0.565 m
[EVAL] CAUSAL corridor | rtt | both | epoch=0600 | RF-RMSE=0.644 m
[EVAL] CAUSAL corridor | rtt | both | epoch=0800 | RF-RMSE=0.579 m
[EVAL] CAUSAL corridor | rtt | both | epoch=1000 | RF-RMSE=0.552 m
[EVAL] CAUSAL corridor | rtt | both | epoch=1200 | RF-RMSE=0.691 m
[EVAL] CAUSAL corridor | rtt | both | epoch=1400 | RF-RMSE=0.603 m
[EVAL] CAUSAL corridor | rtt | both | epoch=1500 | RF-RMSE=0.663 m

=== CAUSAL CORRIDOR | mode=BOTH | model=BOTH | epochs=1500 | eval_every=200 | rolls=[5, 10, 20] | out=results/artifacts_causal_corridor_both_both_APs2,3,4,5 ===
[corridor] Using T_expected=60 scans/RP
[corridor] Using AP indices from coords: [2, 3, 4, 5]
[INFO] Saved AP info for corridor to results/artifacts_causal_corridor_both_both_APs2,3,4,5/ap_info_corridor.json
[corridor] Adding rolling stats for mode='both' with windows=[5, 10, 20]
/work/lxr240011/conda_envs/WiMANS/lib/python3.10/site-packages/torch/nn/utils/weight_norm.py:28: UserWarning: torch.nn.utils.weight_norm is deprecated in favor of torch.nn.utils.parametrizations.weight_norm.
  warnings.warn("torch.nn.utils.weight_norm is deprecated in favor of torch.nn.utils.parametrizations.weight_norm.")

[ptflops] Input shape (T,N,F): [60, 4, 38]
[ptflops] Params: 93,781
[ptflops] MACs  : 8.89M
[ptflops] FLOPs : 17.78M  (≈ 2 × MACs)

[ptflops] Saved: results/artifacts_causal_corridor_both_both_APs2,3,4,5/model_complexity_ptflops.txt
[EVAL] CAUSAL corridor | both | both | epoch=0200 | RF-RMSE=1.127 m
[EVAL] CAUSAL corridor | both | both | epoch=0400 | RF-RMSE=0.721 m
[EVAL] CAUSAL corridor | both | both | epoch=0600 | RF-RMSE=0.637 m
[EVAL] CAUSAL corridor | both | both | epoch=0800 | RF-RMSE=0.716 m
[EVAL] CAUSAL corridor | both | both | epoch=1000 | RF-RMSE=0.591 m
[EVAL] CAUSAL corridor | both | both | epoch=1200 | RF-RMSE=0.543 m
[EVAL] CAUSAL corridor | both | both | epoch=1400 | RF-RMSE=0.568 m
[EVAL] CAUSAL corridor | both | both | epoch=1500 | RF-RMSE=0.529 m

=== CUSTOM AP DENSITY: BUILDING ===

--- BUILDING | Using APs=[1, 2, 3] ---

=== CAUSAL BUILDING | mode=RSS | model=BOTH | epochs=1500 | eval_every=200 | rolls=[5, 10, 20] | out=results/artifacts_causal_building_rss_both_APs1,2,3 ===
[building] Using T_expected=120 scans/RP
[building] Using AP indices from coords: [1, 2, 3]
[INFO] Saved AP info for building to results/artifacts_causal_building_rss_both_APs1,2,3/ap_info_building.json
[building] Adding rolling stats for mode='rss' with windows=[5, 10, 20]
/work/lxr240011/conda_envs/WiMANS/lib/python3.10/site-packages/torch/nn/utils/weight_norm.py:28: UserWarning: torch.nn.utils.weight_norm is deprecated in favor of torch.nn.utils.parametrizations.weight_norm.
  warnings.warn("torch.nn.utils.weight_norm is deprecated in favor of torch.nn.utils.parametrizations.weight_norm.")

[ptflops] Input shape (T,N,F): [120, 3, 20]
[ptflops] Params: 90,894
[ptflops] MACs  : 14.42M
[ptflops] FLOPs : 28.84M  (≈ 2 × MACs)

[ptflops] Saved: results/artifacts_causal_building_rss_both_APs1,2,3/model_complexity_ptflops.txt
[EVAL] CAUSAL building | rss | both | epoch=0200 | RF-RMSE=10.144 m
[EVAL] CAUSAL building | rss | both | epoch=0400 | RF-RMSE=9.720 m
[EVAL] CAUSAL building | rss | both | epoch=0600 | RF-RMSE=9.730 m
[EVAL] CAUSAL building | rss | both | epoch=0800 | RF-RMSE=9.788 m
[EVAL] CAUSAL building | rss | both | epoch=1000 | RF-RMSE=9.728 m
[EVAL] CAUSAL building | rss | both | epoch=1200 | RF-RMSE=9.858 m
[EVAL] CAUSAL building | rss | both | epoch=1400 | RF-RMSE=9.719 m
[EVAL] CAUSAL building | rss | both | epoch=1500 | RF-RMSE=9.693 m

=== CAUSAL BUILDING | mode=RTT | model=BOTH | epochs=1500 | eval_every=200 | rolls=[5, 10, 20] | out=results/artifacts_causal_building_rtt_both_APs1,2,3 ===
[building] Using T_expected=120 scans/RP
[building] Using AP indices from coords: [1, 2, 3]
[INFO] Saved AP info for building to results/artifacts_causal_building_rtt_both_APs1,2,3/ap_info_building.json
[building] Adding rolling stats for mode='rtt' with windows=[5, 10, 20]
/work/lxr240011/conda_envs/WiMANS/lib/python3.10/site-packages/torch/nn/utils/weight_norm.py:28: UserWarning: torch.nn.utils.weight_norm is deprecated in favor of torch.nn.utils.parametrizations.weight_norm.
  warnings.warn("torch.nn.utils.weight_norm is deprecated in favor of torch.nn.utils.parametrizations.weight_norm.")

[ptflops] Input shape (T,N,F): [120, 3, 20]
[ptflops] Params: 90,894
[ptflops] MACs  : 14.42M
[ptflops] FLOPs : 28.84M  (≈ 2 × MACs)

[ptflops] Saved: results/artifacts_causal_building_rtt_both_APs1,2,3/model_complexity_ptflops.txt
[EVAL] CAUSAL building | rtt | both | epoch=0200 | RF-RMSE=9.858 m
[EVAL] CAUSAL building | rtt | both | epoch=0400 | RF-RMSE=9.732 m
[EVAL] CAUSAL building | rtt | both | epoch=0600 | RF-RMSE=9.625 m
[EVAL] CAUSAL building | rtt | both | epoch=0800 | RF-RMSE=9.748 m
[EVAL] CAUSAL building | rtt | both | epoch=1000 | RF-RMSE=9.804 m
[EVAL] CAUSAL building | rtt | both | epoch=1200 | RF-RMSE=9.789 m
[EVAL] CAUSAL building | rtt | both | epoch=1400 | RF-RMSE=9.728 m
[EVAL] CAUSAL building | rtt | both | epoch=1500 | RF-RMSE=9.687 m

=== CAUSAL BUILDING | mode=BOTH | model=BOTH | epochs=1500 | eval_every=200 | rolls=[5, 10, 20] | out=results/artifacts_causal_building_both_both_APs1,2,3 ===
[building] Using T_expected=120 scans/RP
[building] Using AP indices from coords: [1, 2, 3]
[INFO] Saved AP info for building to results/artifacts_causal_building_both_both_APs1,2,3/ap_info_building.json
[building] Adding rolling stats for mode='both' with windows=[5, 10, 20]
/work/lxr240011/conda_envs/WiMANS/lib/python3.10/site-packages/torch/nn/utils/weight_norm.py:28: UserWarning: torch.nn.utils.weight_norm is deprecated in favor of torch.nn.utils.parametrizations.weight_norm.
  warnings.warn("torch.nn.utils.weight_norm is deprecated in favor of torch.nn.utils.parametrizations.weight_norm.")

[ptflops] Input shape (T,N,F): [120, 3, 38]
[ptflops] Params: 93,774
[ptflops] MACs  : 15.45M
[ptflops] FLOPs : 30.91M  (≈ 2 × MACs)

[ptflops] Saved: results/artifacts_causal_building_both_both_APs1,2,3/model_complexity_ptflops.txt
[EVAL] CAUSAL building | both | both | epoch=0200 | RF-RMSE=9.740 m
[EVAL] CAUSAL building | both | both | epoch=0400 | RF-RMSE=9.727 m
[EVAL] CAUSAL building | both | both | epoch=0600 | RF-RMSE=9.658 m
[EVAL] CAUSAL building | both | both | epoch=0800 | RF-RMSE=9.660 m
[EVAL] CAUSAL building | both | both | epoch=1000 | RF-RMSE=9.760 m
[EVAL] CAUSAL building | both | both | epoch=1200 | RF-RMSE=9.767 m
[EVAL] CAUSAL building | both | both | epoch=1400 | RF-RMSE=9.658 m
[EVAL] CAUSAL building | both | both | epoch=1500 | RF-RMSE=9.716 m

--- BUILDING | Using APs=[1, 2, 3, 4, 5] ---

=== CAUSAL BUILDING | mode=RSS | model=BOTH | epochs=1500 | eval_every=200 | rolls=[5, 10, 20] | out=results/artifacts_causal_building_rss_both_APs1,2,3,4,5 ===
[building] Using T_expected=120 scans/RP
[building] Using AP indices from coords: [1, 2, 3, 4, 5]
[INFO] Saved AP info for building to results/artifacts_causal_building_rss_both_APs1,2,3,4,5/ap_info_building.json
[building] Adding rolling stats for mode='rss' with windows=[5, 10, 20]
/work/lxr240011/conda_envs/WiMANS/lib/python3.10/site-packages/torch/nn/utils/weight_norm.py:28: UserWarning: torch.nn.utils.weight_norm is deprecated in favor of torch.nn.utils.parametrizations.weight_norm.
  warnings.warn("torch.nn.utils.weight_norm is deprecated in favor of torch.nn.utils.parametrizations.weight_norm.")

[ptflops] Input shape (T,N,F): [120, 5, 20]
[ptflops] Params: 90,910
[ptflops] MACs  : 17.34M
[ptflops] FLOPs : 34.67M  (≈ 2 × MACs)

[ptflops] Saved: results/artifacts_causal_building_rss_both_APs1,2,3,4,5/model_complexity_ptflops.txt
[EVAL] CAUSAL building | rss | both | epoch=0200 | RF-RMSE=3.503 m
[EVAL] CAUSAL building | rss | both | epoch=0400 | RF-RMSE=3.518 m
[EVAL] CAUSAL building | rss | both | epoch=0600 | RF-RMSE=3.009 m
[EVAL] CAUSAL building | rss | both | epoch=0800 | RF-RMSE=3.073 m
[EVAL] CAUSAL building | rss | both | epoch=1000 | RF-RMSE=2.994 m
[EVAL] CAUSAL building | rss | both | epoch=1200 | RF-RMSE=2.984 m
[EVAL] CAUSAL building | rss | both | epoch=1400 | RF-RMSE=3.146 m
[EVAL] CAUSAL building | rss | both | epoch=1500 | RF-RMSE=3.082 m

=== CAUSAL BUILDING | mode=RTT | model=BOTH | epochs=1500 | eval_every=200 | rolls=[5, 10, 20] | out=results/artifacts_causal_building_rtt_both_APs1,2,3,4,5 ===
[building] Using T_expected=120 scans/RP
[building] Using AP indices from coords: [1, 2, 3, 4, 5]
[INFO] Saved AP info for building to results/artifacts_causal_building_rtt_both_APs1,2,3,4,5/ap_info_building.json
[building] Adding rolling stats for mode='rtt' with windows=[5, 10, 20]
/work/lxr240011/conda_envs/WiMANS/lib/python3.10/site-packages/torch/nn/utils/weight_norm.py:28: UserWarning: torch.nn.utils.weight_norm is deprecated in favor of torch.nn.utils.parametrizations.weight_norm.
  warnings.warn("torch.nn.utils.weight_norm is deprecated in favor of torch.nn.utils.parametrizations.weight_norm.")

[ptflops] Input shape (T,N,F): [120, 5, 20]
[ptflops] Params: 90,910
[ptflops] MACs  : 17.34M
[ptflops] FLOPs : 34.67M  (≈ 2 × MACs)

[ptflops] Saved: results/artifacts_causal_building_rtt_both_APs1,2,3,4,5/model_complexity_ptflops.txt
[EVAL] CAUSAL building | rtt | both | epoch=0200 | RF-RMSE=2.784 m
[EVAL] CAUSAL building | rtt | both | epoch=0400 | RF-RMSE=2.685 m
[EVAL] CAUSAL building | rtt | both | epoch=0600 | RF-RMSE=2.489 m
[EVAL] CAUSAL building | rtt | both | epoch=0800 | RF-RMSE=2.485 m
[EVAL] CAUSAL building | rtt | both | epoch=1000 | RF-RMSE=2.501 m
[EVAL] CAUSAL building | rtt | both | epoch=1200 | RF-RMSE=2.386 m
[EVAL] CAUSAL building | rtt | both | epoch=1400 | RF-RMSE=2.405 m
[EVAL] CAUSAL building | rtt | both | epoch=1500 | RF-RMSE=2.393 m

=== CAUSAL BUILDING | mode=BOTH | model=BOTH | epochs=1500 | eval_every=200 | rolls=[5, 10, 20] | out=results/artifacts_causal_building_both_both_APs1,2,3,4,5 ===
[building] Using T_expected=120 scans/RP
[building] Using AP indices from coords: [1, 2, 3, 4, 5]
[INFO] Saved AP info for building to results/artifacts_causal_building_both_both_APs1,2,3,4,5/ap_info_building.json
[building] Adding rolling stats for mode='both' with windows=[5, 10, 20]
/work/lxr240011/conda_envs/WiMANS/lib/python3.10/site-packages/torch/nn/utils/weight_norm.py:28: UserWarning: torch.nn.utils.weight_norm is deprecated in favor of torch.nn.utils.parametrizations.weight_norm.
  warnings.warn("torch.nn.utils.weight_norm is deprecated in favor of torch.nn.utils.parametrizations.weight_norm.")

[ptflops] Input shape (T,N,F): [120, 5, 38]
[ptflops] Params: 93,790
[ptflops] MACs  : 19.06M
[ptflops] FLOPs : 38.13M  (≈ 2 × MACs)

[ptflops] Saved: results/artifacts_causal_building_both_both_APs1,2,3,4,5/model_complexity_ptflops.txt
[EVAL] CAUSAL building | both | both | epoch=0200 | RF-RMSE=2.597 m
[EVAL] CAUSAL building | both | both | epoch=0400 | RF-RMSE=2.385 m
[EVAL] CAUSAL building | both | both | epoch=0600 | RF-RMSE=2.462 m
[EVAL] CAUSAL building | both | both | epoch=0800 | RF-RMSE=2.390 m
[EVAL] CAUSAL building | both | both | epoch=1000 | RF-RMSE=2.364 m
[EVAL] CAUSAL building | both | both | epoch=1200 | RF-RMSE=2.416 m
[EVAL] CAUSAL building | both | both | epoch=1400 | RF-RMSE=2.390 m
[EVAL] CAUSAL building | both | both | epoch=1500 | RF-RMSE=2.376 m

--- BUILDING | Using APs=[1, 2, 3, 4, 5, 6, 7] ---

=== CAUSAL BUILDING | mode=RSS | model=BOTH | epochs=1500 | eval_every=200 | rolls=[5, 10, 20] | out=results/artifacts_causal_building_rss_both_APs1,2,3,4,5,6,7 ===
[building] Using T_expected=120 scans/RP
[building] Using AP indices from coords: [1, 2, 3, 4, 5, 6, 7]
[INFO] Saved AP info for building to results/artifacts_causal_building_rss_both_APs1,2,3,4,5,6,7/ap_info_building.json
[building] Adding rolling stats for mode='rss' with windows=[5, 10, 20]
/work/lxr240011/conda_envs/WiMANS/lib/python3.10/site-packages/torch/nn/utils/weight_norm.py:28: UserWarning: torch.nn.utils.weight_norm is deprecated in favor of torch.nn.utils.parametrizations.weight_norm.
  warnings.warn("torch.nn.utils.weight_norm is deprecated in favor of torch.nn.utils.parametrizations.weight_norm.")

[ptflops] Input shape (T,N,F): [120, 7, 20]
[ptflops] Params: 90,934
[ptflops] MACs  : 20.26M
[ptflops] FLOPs : 40.51M  (≈ 2 × MACs)

[ptflops] Saved: results/artifacts_causal_building_rss_both_APs1,2,3,4,5,6,7/model_complexity_ptflops.txt
[EVAL] CAUSAL building | rss | both | epoch=0200 | RF-RMSE=3.415 m
[EVAL] CAUSAL building | rss | both | epoch=0400 | RF-RMSE=2.495 m
[EVAL] CAUSAL building | rss | both | epoch=0600 | RF-RMSE=2.278 m
[EVAL] CAUSAL building | rss | both | epoch=0800 | RF-RMSE=2.286 m
[EVAL] CAUSAL building | rss | both | epoch=1000 | RF-RMSE=2.160 m
[EVAL] CAUSAL building | rss | both | epoch=1200 | RF-RMSE=2.202 m
[EVAL] CAUSAL building | rss | both | epoch=1400 | RF-RMSE=2.218 m
[EVAL] CAUSAL building | rss | both | epoch=1500 | RF-RMSE=2.258 m

=== CAUSAL BUILDING | mode=RTT | model=BOTH | epochs=1500 | eval_every=200 | rolls=[5, 10, 20] | out=results/artifacts_causal_building_rtt_both_APs1,2,3,4,5,6,7 ===
[building] Using T_expected=120 scans/RP
[building] Using AP indices from coords: [1, 2, 3, 4, 5, 6, 7]
[INFO] Saved AP info for building to results/artifacts_causal_building_rtt_both_APs1,2,3,4,5,6,7/ap_info_building.json
[building] Adding rolling stats for mode='rtt' with windows=[5, 10, 20]
/work/lxr240011/conda_envs/WiMANS/lib/python3.10/site-packages/torch/nn/utils/weight_norm.py:28: UserWarning: torch.nn.utils.weight_norm is deprecated in favor of torch.nn.utils.parametrizations.weight_norm.
  warnings.warn("torch.nn.utils.weight_norm is deprecated in favor of torch.nn.utils.parametrizations.weight_norm.")

[ptflops] Input shape (T,N,F): [120, 7, 20]
[ptflops] Params: 90,934
[ptflops] MACs  : 20.26M
[ptflops] FLOPs : 40.51M  (≈ 2 × MACs)

[ptflops] Saved: results/artifacts_causal_building_rtt_both_APs1,2,3,4,5,6,7/model_complexity_ptflops.txt
[EVAL] CAUSAL building | rtt | both | epoch=0200 | RF-RMSE=2.018 m
[EVAL] CAUSAL building | rtt | both | epoch=0400 | RF-RMSE=2.036 m
[EVAL] CAUSAL building | rtt | both | epoch=0600 | RF-RMSE=1.920 m
[EVAL] CAUSAL building | rtt | both | epoch=0800 | RF-RMSE=1.811 m
[EVAL] CAUSAL building | rtt | both | epoch=1000 | RF-RMSE=1.861 m
[EVAL] CAUSAL building | rtt | both | epoch=1200 | RF-RMSE=1.612 m
[EVAL] CAUSAL building | rtt | both | epoch=1400 | RF-RMSE=1.689 m
[EVAL] CAUSAL building | rtt | both | epoch=1500 | RF-RMSE=1.644 m

=== CAUSAL BUILDING | mode=BOTH | model=BOTH | epochs=1500 | eval_every=200 | rolls=[5, 10, 20] | out=results/artifacts_causal_building_both_both_APs1,2,3,4,5,6,7 ===
[building] Using T_expected=120 scans/RP
[building] Using AP indices from coords: [1, 2, 3, 4, 5, 6, 7]
[INFO] Saved AP info for building to results/artifacts_causal_building_both_both_APs1,2,3,4,5,6,7/ap_info_building.json
[building] Adding rolling stats for mode='both' with windows=[5, 10, 20]
/work/lxr240011/conda_envs/WiMANS/lib/python3.10/site-packages/torch/nn/utils/weight_norm.py:28: UserWarning: torch.nn.utils.weight_norm is deprecated in favor of torch.nn.utils.parametrizations.weight_norm.
  warnings.warn("torch.nn.utils.weight_norm is deprecated in favor of torch.nn.utils.parametrizations.weight_norm.")

[ptflops] Input shape (T,N,F): [120, 7, 38]
[ptflops] Params: 93,814
[ptflops] MACs  : 22.67M
[ptflops] FLOPs : 45.35M  (≈ 2 × MACs)

[ptflops] Saved: results/artifacts_causal_building_both_both_APs1,2,3,4,5,6,7/model_complexity_ptflops.txt
[EVAL] CAUSAL building | both | both | epoch=0200 | RF-RMSE=1.899 m
[EVAL] CAUSAL building | both | both | epoch=0400 | RF-RMSE=1.711 m
[EVAL] CAUSAL building | both | both | epoch=0600 | RF-RMSE=1.620 m
[EVAL] CAUSAL building | both | both | epoch=0800 | RF-RMSE=1.633 m
[EVAL] CAUSAL building | both | both | epoch=1000 | RF-RMSE=1.576 m
[EVAL] CAUSAL building | both | both | epoch=1200 | RF-RMSE=1.574 m
[EVAL] CAUSAL building | both | both | epoch=1400 | RF-RMSE=1.561 m
[EVAL] CAUSAL building | both | both | epoch=1500 | RF-RMSE=1.586 m

--- BUILDING | Using APs=[1, 2, 3, 4, 5, 6, 7, 8, 9] ---

=== CAUSAL BUILDING | mode=RSS | model=BOTH | epochs=1500 | eval_every=200 | rolls=[5, 10, 20] | out=results/artifacts_causal_building_rss_both_APs1,2,3,4,5,6,7,8,9 ===
[building] Using T_expected=120 scans/RP
[building] Using AP indices from coords: [1, 2, 3, 4, 5, 6, 7, 8, 9]
[INFO] Saved AP info for building to results/artifacts_causal_building_rss_both_APs1,2,3,4,5,6,7,8,9/ap_info_building.json
[building] Adding rolling stats for mode='rss' with windows=[5, 10, 20]
/work/lxr240011/conda_envs/WiMANS/lib/python3.10/site-packages/torch/nn/utils/weight_norm.py:28: UserWarning: torch.nn.utils.weight_norm is deprecated in favor of torch.nn.utils.parametrizations.weight_norm.
  warnings.warn("torch.nn.utils.weight_norm is deprecated in favor of torch.nn.utils.parametrizations.weight_norm.")

[ptflops] Input shape (T,N,F): [120, 9, 20]
[ptflops] Params: 90,966
[ptflops] MACs  : 23.17M
[ptflops] FLOPs : 46.35M  (≈ 2 × MACs)

[ptflops] Saved: results/artifacts_causal_building_rss_both_APs1,2,3,4,5,6,7,8,9/model_complexity_ptflops.txt
[EVAL] CAUSAL building | rss | both | epoch=0200 | RF-RMSE=3.505 m
[EVAL] CAUSAL building | rss | both | epoch=0400 | RF-RMSE=2.361 m
[EVAL] CAUSAL building | rss | both | epoch=0600 | RF-RMSE=2.286 m
[EVAL] CAUSAL building | rss | both | epoch=0800 | RF-RMSE=1.928 m
[EVAL] CAUSAL building | rss | both | epoch=1000 | RF-RMSE=1.609 m
[EVAL] CAUSAL building | rss | both | epoch=1200 | RF-RMSE=1.720 m
[EVAL] CAUSAL building | rss | both | epoch=1400 | RF-RMSE=1.702 m
[EVAL] CAUSAL building | rss | both | epoch=1500 | RF-RMSE=1.689 m

=== CAUSAL BUILDING | mode=RTT | model=BOTH | epochs=1500 | eval_every=200 | rolls=[5, 10, 20] | out=results/artifacts_causal_building_rtt_both_APs1,2,3,4,5,6,7,8,9 ===
[building] Using T_expected=120 scans/RP
[building] Using AP indices from coords: [1, 2, 3, 4, 5, 6, 7, 8, 9]
[INFO] Saved AP info for building to results/artifacts_causal_building_rtt_both_APs1,2,3,4,5,6,7,8,9/ap_info_building.json
[building] Adding rolling stats for mode='rtt' with windows=[5, 10, 20]
/work/lxr240011/conda_envs/WiMANS/lib/python3.10/site-packages/torch/nn/utils/weight_norm.py:28: UserWarning: torch.nn.utils.weight_norm is deprecated in favor of torch.nn.utils.parametrizations.weight_norm.
  warnings.warn("torch.nn.utils.weight_norm is deprecated in favor of torch.nn.utils.parametrizations.weight_norm.")

[ptflops] Input shape (T,N,F): [120, 9, 20]
[ptflops] Params: 90,966
[ptflops] MACs  : 23.17M
[ptflops] FLOPs : 46.35M  (≈ 2 × MACs)

[ptflops] Saved: results/artifacts_causal_building_rtt_both_APs1,2,3,4,5,6,7,8,9/model_complexity_ptflops.txt
[EVAL] CAUSAL building | rtt | both | epoch=0200 | RF-RMSE=1.665 m
[EVAL] CAUSAL building | rtt | both | epoch=0400 | RF-RMSE=1.364 m
[EVAL] CAUSAL building | rtt | both | epoch=0600 | RF-RMSE=1.007 m
[EVAL] CAUSAL building | rtt | both | epoch=0800 | RF-RMSE=1.111 m
[EVAL] CAUSAL building | rtt | both | epoch=1000 | RF-RMSE=0.950 m
[EVAL] CAUSAL building | rtt | both | epoch=1200 | RF-RMSE=0.847 m
[EVAL] CAUSAL building | rtt | both | epoch=1400 | RF-RMSE=0.773 m
[EVAL] CAUSAL building | rtt | both | epoch=1500 | RF-RMSE=0.951 m

=== CAUSAL BUILDING | mode=BOTH | model=BOTH | epochs=1500 | eval_every=200 | rolls=[5, 10, 20] | out=results/artifacts_causal_building_both_both_APs1,2,3,4,5,6,7,8,9 ===
[building] Using T_expected=120 scans/RP
[building] Using AP indices from coords: [1, 2, 3, 4, 5, 6, 7, 8, 9]
[INFO] Saved AP info for building to results/artifacts_causal_building_both_both_APs1,2,3,4,5,6,7,8,9/ap_info_building.json
[building] Adding rolling stats for mode='both' with windows=[5, 10, 20]
/work/lxr240011/conda_envs/WiMANS/lib/python3.10/site-packages/torch/nn/utils/weight_norm.py:28: UserWarning: torch.nn.utils.weight_norm is deprecated in favor of torch.nn.utils.parametrizations.weight_norm.
  warnings.warn("torch.nn.utils.weight_norm is deprecated in favor of torch.nn.utils.parametrizations.weight_norm.")

[ptflops] Input shape (T,N,F): [120, 9, 38]
[ptflops] Params: 93,846
[ptflops] MACs  : 26.28M
[ptflops] FLOPs : 52.57M  (≈ 2 × MACs)

[ptflops] Saved: results/artifacts_causal_building_both_both_APs1,2,3,4,5,6,7,8,9/model_complexity_ptflops.txt
[EVAL] CAUSAL building | both | both | epoch=0200 | RF-RMSE=1.501 m
[EVAL] CAUSAL building | both | both | epoch=0400 | RF-RMSE=0.923 m
[EVAL] CAUSAL building | both | both | epoch=0600 | RF-RMSE=0.928 m
[EVAL] CAUSAL building | both | both | epoch=0800 | RF-RMSE=0.905 m
[EVAL] CAUSAL building | both | both | epoch=1000 | RF-RMSE=0.781 m
[EVAL] CAUSAL building | both | both | epoch=1200 | RF-RMSE=0.776 m
[EVAL] CAUSAL building | both | both | epoch=1400 | RF-RMSE=0.820 m
[EVAL] CAUSAL building | both | both | epoch=1500 | RF-RMSE=0.803 m

--- BUILDING | Using APs=[1, 2, 3, 4, 5, 6, 7, 8, 9, 10, 11] ---

=== CAUSAL BUILDING | mode=RSS | model=BOTH | epochs=1500 | eval_every=200 | rolls=[5, 10, 20] | out=results/artifacts_causal_building_rss_both_APs1,2,3,4,5,6,7,8,9,10,11 ===
[building] Using T_expected=120 scans/RP
[building] Using AP indices from coords: [1, 2, 3, 4, 5, 6, 7, 8, 9, 10, 11]
[INFO] Saved AP info for building to results/artifacts_causal_building_rss_both_APs1,2,3,4,5,6,7,8,9,10,11/ap_info_building.json
[building] Adding rolling stats for mode='rss' with windows=[5, 10, 20]
/work/lxr240011/conda_envs/WiMANS/lib/python3.10/site-packages/torch/nn/utils/weight_norm.py:28: UserWarning: torch.nn.utils.weight_norm is deprecated in favor of torch.nn.utils.parametrizations.weight_norm.
  warnings.warn("torch.nn.utils.weight_norm is deprecated in favor of torch.nn.utils.parametrizations.weight_norm.")

[ptflops] Input shape (T,N,F): [120, 11, 20]
[ptflops] Params: 91,006
[ptflops] MACs  : 26.09M
[ptflops] FLOPs : 52.18M  (≈ 2 × MACs)

[ptflops] Saved: results/artifacts_causal_building_rss_both_APs1,2,3,4,5,6,7,8,9,10,11/model_complexity_ptflops.txt
[EVAL] CAUSAL building | rss | both | epoch=0200 | RF-RMSE=2.828 m
[EVAL] CAUSAL building | rss | both | epoch=0400 | RF-RMSE=2.686 m
[EVAL] CAUSAL building | rss | both | epoch=0600 | RF-RMSE=2.018 m
[EVAL] CAUSAL building | rss | both | epoch=0800 | RF-RMSE=1.611 m
[EVAL] CAUSAL building | rss | both | epoch=1000 | RF-RMSE=1.670 m
[EVAL] CAUSAL building | rss | both | epoch=1200 | RF-RMSE=1.480 m
[EVAL] CAUSAL building | rss | both | epoch=1400 | RF-RMSE=1.504 m
[EVAL] CAUSAL building | rss | both | epoch=1500 | RF-RMSE=1.538 m

=== CAUSAL BUILDING | mode=RTT | model=BOTH | epochs=1500 | eval_every=200 | rolls=[5, 10, 20] | out=results/artifacts_causal_building_rtt_both_APs1,2,3,4,5,6,7,8,9,10,11 ===
[building] Using T_expected=120 scans/RP
[building] Using AP indices from coords: [1, 2, 3, 4, 5, 6, 7, 8, 9, 10, 11]
[INFO] Saved AP info for building to results/artifacts_causal_building_rtt_both_APs1,2,3,4,5,6,7,8,9,10,11/ap_info_building.json
[building] Adding rolling stats for mode='rtt' with windows=[5, 10, 20]
/work/lxr240011/conda_envs/WiMANS/lib/python3.10/site-packages/torch/nn/utils/weight_norm.py:28: UserWarning: torch.nn.utils.weight_norm is deprecated in favor of torch.nn.utils.parametrizations.weight_norm.
  warnings.warn("torch.nn.utils.weight_norm is deprecated in favor of torch.nn.utils.parametrizations.weight_norm.")

[ptflops] Input shape (T,N,F): [120, 11, 20]
[ptflops] Params: 91,006
[ptflops] MACs  : 26.09M
[ptflops] FLOPs : 52.18M  (≈ 2 × MACs)

[ptflops] Saved: results/artifacts_causal_building_rtt_both_APs1,2,3,4,5,6,7,8,9,10,11/model_complexity_ptflops.txt
[EVAL] CAUSAL building | rtt | both | epoch=0200 | RF-RMSE=1.618 m
[EVAL] CAUSAL building | rtt | both | epoch=0400 | RF-RMSE=0.962 m
[EVAL] CAUSAL building | rtt | both | epoch=0600 | RF-RMSE=1.094 m
[EVAL] CAUSAL building | rtt | both | epoch=0800 | RF-RMSE=0.800 m
[EVAL] CAUSAL building | rtt | both | epoch=1000 | RF-RMSE=0.784 m
[EVAL] CAUSAL building | rtt | both | epoch=1200 | RF-RMSE=0.821 m
[EVAL] CAUSAL building | rtt | both | epoch=1400 | RF-RMSE=0.761 m
[EVAL] CAUSAL building | rtt | both | epoch=1500 | RF-RMSE=0.825 m

=== CAUSAL BUILDING | mode=BOTH | model=BOTH | epochs=1500 | eval_every=200 | rolls=[5, 10, 20] | out=results/artifacts_causal_building_both_both_APs1,2,3,4,5,6,7,8,9,10,11 ===
[building] Using T_expected=120 scans/RP
[building] Using AP indices from coords: [1, 2, 3, 4, 5, 6, 7, 8, 9, 10, 11]
[INFO] Saved AP info for building to results/artifacts_causal_building_both_both_APs1,2,3,4,5,6,7,8,9,10,11/ap_info_building.json
[building] Adding rolling stats for mode='both' with windows=[5, 10, 20]
/work/lxr240011/conda_envs/WiMANS/lib/python3.10/site-packages/torch/nn/utils/weight_norm.py:28: UserWarning: torch.nn.utils.weight_norm is deprecated in favor of torch.nn.utils.parametrizations.weight_norm.
  warnings.warn("torch.nn.utils.weight_norm is deprecated in favor of torch.nn.utils.parametrizations.weight_norm.")

[ptflops] Input shape (T,N,F): [120, 11, 38]
[ptflops] Params: 93,886
[ptflops] MACs  : 29.89M
[ptflops] FLOPs : 59.79M  (≈ 2 × MACs)

[ptflops] Saved: results/artifacts_causal_building_both_both_APs1,2,3,4,5,6,7,8,9,10,11/model_complexity_ptflops.txt
[EVAL] CAUSAL building | both | both | epoch=0200 | RF-RMSE=1.212 m
[EVAL] CAUSAL building | both | both | epoch=0400 | RF-RMSE=0.905 m
[EVAL] CAUSAL building | both | both | epoch=0600 | RF-RMSE=1.067 m
[EVAL] CAUSAL building | both | both | epoch=0800 | RF-RMSE=0.846 m
[EVAL] CAUSAL building | both | both | epoch=1000 | RF-RMSE=0.823 m
[EVAL] CAUSAL building | both | both | epoch=1200 | RF-RMSE=0.785 m
[EVAL] CAUSAL building | both | both | epoch=1400 | RF-RMSE=0.798 m
[EVAL] CAUSAL building | both | both | epoch=1500 | RF-RMSE=0.725 m

--- BUILDING | Using APs=[1, 2, 3, 4, 5, 6, 7, 8, 9, 10, 11, 12, 13] ---

=== CAUSAL BUILDING | mode=RSS | model=BOTH | epochs=1500 | eval_every=200 | rolls=[5, 10, 20] | out=results/artifacts_causal_building_rss_both_APs1,2,3,4,5,6,7,8,9,10,11,12,13 ===
[building] Using T_expected=120 scans/RP
[building] Using AP indices from coords: [1, 2, 3, 4, 5, 6, 7, 8, 9, 10, 11, 12, 13]
[INFO] Saved AP info for building to results/artifacts_causal_building_rss_both_APs1,2,3,4,5,6,7,8,9,10,11,12,13/ap_info_building.json
[building] Adding rolling stats for mode='rss' with windows=[5, 10, 20]
/work/lxr240011/conda_envs/WiMANS/lib/python3.10/site-packages/torch/nn/utils/weight_norm.py:28: UserWarning: torch.nn.utils.weight_norm is deprecated in favor of torch.nn.utils.parametrizations.weight_norm.
  warnings.warn("torch.nn.utils.weight_norm is deprecated in favor of torch.nn.utils.parametrizations.weight_norm.")

[ptflops] Input shape (T,N,F): [120, 13, 20]
[ptflops] Params: 91,054
[ptflops] MACs  : 29.01M
[ptflops] FLOPs : 58.02M  (≈ 2 × MACs)

[ptflops] Saved: results/artifacts_causal_building_rss_both_APs1,2,3,4,5,6,7,8,9,10,11,12,13/model_complexity_ptflops.txt
[EVAL] CAUSAL building | rss | both | epoch=0200 | RF-RMSE=4.530 m
[EVAL] CAUSAL building | rss | both | epoch=0400 | RF-RMSE=1.973 m
[EVAL] CAUSAL building | rss | both | epoch=0600 | RF-RMSE=1.730 m
[EVAL] CAUSAL building | rss | both | epoch=0800 | RF-RMSE=2.277 m
[EVAL] CAUSAL building | rss | both | epoch=1000 | RF-RMSE=1.532 m
[EVAL] CAUSAL building | rss | both | epoch=1200 | RF-RMSE=1.444 m
[EVAL] CAUSAL building | rss | both | epoch=1400 | RF-RMSE=1.782 m
[EVAL] CAUSAL building | rss | both | epoch=1500 | RF-RMSE=1.579 m

=== CAUSAL BUILDING | mode=RTT | model=BOTH | epochs=1500 | eval_every=200 | rolls=[5, 10, 20] | out=results/artifacts_causal_building_rtt_both_APs1,2,3,4,5,6,7,8,9,10,11,12,13 ===
[building] Using T_expected=120 scans/RP
[building] Using AP indices from coords: [1, 2, 3, 4, 5, 6, 7, 8, 9, 10, 11, 12, 13]
[INFO] Saved AP info for building to results/artifacts_causal_building_rtt_both_APs1,2,3,4,5,6,7,8,9,10,11,12,13/ap_info_building.json
[building] Adding rolling stats for mode='rtt' with windows=[5, 10, 20]
/work/lxr240011/conda_envs/WiMANS/lib/python3.10/site-packages/torch/nn/utils/weight_norm.py:28: UserWarning: torch.nn.utils.weight_norm is deprecated in favor of torch.nn.utils.parametrizations.weight_norm.
  warnings.warn("torch.nn.utils.weight_norm is deprecated in favor of torch.nn.utils.parametrizations.weight_norm.")

[ptflops] Input shape (T,N,F): [120, 13, 20]
[ptflops] Params: 91,054
[ptflops] MACs  : 29.01M
[ptflops] FLOPs : 58.02M  (≈ 2 × MACs)

[ptflops] Saved: results/artifacts_causal_building_rtt_both_APs1,2,3,4,5,6,7,8,9,10,11,12,13/model_complexity_ptflops.txt
[EVAL] CAUSAL building | rtt | both | epoch=0200 | RF-RMSE=1.663 m
[EVAL] CAUSAL building | rtt | both | epoch=0400 | RF-RMSE=1.307 m
[EVAL] CAUSAL building | rtt | both | epoch=0600 | RF-RMSE=0.962 m
[EVAL] CAUSAL building | rtt | both | epoch=0800 | RF-RMSE=0.874 m
[EVAL] CAUSAL building | rtt | both | epoch=1000 | RF-RMSE=0.857 m
[EVAL] CAUSAL building | rtt | both | epoch=1200 | RF-RMSE=0.745 m
[EVAL] CAUSAL building | rtt | both | epoch=1400 | RF-RMSE=0.685 m
[EVAL] CAUSAL building | rtt | both | epoch=1500 | RF-RMSE=0.731 m

=== CAUSAL BUILDING | mode=BOTH | model=BOTH | epochs=1500 | eval_every=200 | rolls=[5, 10, 20] | out=results/artifacts_causal_building_both_both_APs1,2,3,4,5,6,7,8,9,10,11,12,13 ===
[building] Using T_expected=120 scans/RP
[building] Using AP indices from coords: [1, 2, 3, 4, 5, 6, 7, 8, 9, 10, 11, 12, 13]
[INFO] Saved AP info for building to results/artifacts_causal_building_both_both_APs1,2,3,4,5,6,7,8,9,10,11,12,13/ap_info_building.json
[building] Adding rolling stats for mode='both' with windows=[5, 10, 20]
/work/lxr240011/conda_envs/WiMANS/lib/python3.10/site-packages/torch/nn/utils/weight_norm.py:28: UserWarning: torch.nn.utils.weight_norm is deprecated in favor of torch.nn.utils.parametrizations.weight_norm.
  warnings.warn("torch.nn.utils.weight_norm is deprecated in favor of torch.nn.utils.parametrizations.weight_norm.")

[ptflops] Input shape (T,N,F): [120, 13, 38]
[ptflops] Params: 93,934
[ptflops] MACs  : 33.50M
[ptflops] FLOPs : 67.01M  (≈ 2 × MACs)

[ptflops] Saved: results/artifacts_causal_building_both_both_APs1,2,3,4,5,6,7,8,9,10,11,12,13/model_complexity_ptflops.txt
[EVAL] CAUSAL building | both | both | epoch=0200 | RF-RMSE=1.712 m
[EVAL] CAUSAL building | both | both | epoch=0400 | RF-RMSE=1.166 m
[EVAL] CAUSAL building | both | both | epoch=0600 | RF-RMSE=0.841 m
[EVAL] CAUSAL building | both | both | epoch=0800 | RF-RMSE=0.806 m
[EVAL] CAUSAL building | both | both | epoch=1000 | RF-RMSE=0.659 m
[EVAL] CAUSAL building | both | both | epoch=1200 | RF-RMSE=0.624 m
[EVAL] CAUSAL building | both | both | epoch=1400 | RF-RMSE=0.568 m
[EVAL] CAUSAL building | both | both | epoch=1500 | RF-RMSE=0.660 m

[DONE] Saved custom AP-density results to: results/custom_ap_density_all_envs.csv
+ set +x
[DONE] Finished main_all_residual.py
